\BOOKMARK [0][-]{chapter.1}{\376\377\000I\000n\000t\000r\000o\000d\000u\000c\000c\000i\000\363\000n}{}% 1
\BOOKMARK [0][-]{chapter.2}{\376\377\000R\000e\000c\000o\000m\000e\000n\000d\000a\000c\000i\000o\000n\000e\000s\000\040\000g\000e\000n\000e\000r\000a\000l\000e\000s}{}% 2
\BOOKMARK [1][-]{section.2.1}{\376\377\000S\000o\000b\000r\000e\000\040\000l\000a\000\040\000e\000l\000e\000c\000c\000i\000\363\000n\000\040\000d\000e\000l\000\040\000T\000F\000G}{chapter.2}% 3
\BOOKMARK [1][-]{section.2.2}{\376\377\000S\000o\000b\000r\000e\000\040\000e\000l\000\040\000d\000e\000s\000a\000r\000r\000o\000l\000l\000o\000\040\000d\000e\000l\000\040\000p\000r\000o\000y\000e\000c\000t\000o}{chapter.2}% 4
\BOOKMARK [2][-]{subsection.2.2.1}{\376\377\000R\000e\000u\000n\000i\000o\000n\000e\000s\000\040\000c\000o\000n\000\040\000l\000a\000\040\000p\000e\000r\000s\000o\000n\000a\000\040\000q\000u\000e\000\040\000t\000e\000\040\000t\000u\000t\000o\000r\000i\000z\000a}{section.2.2}% 5
\BOOKMARK [2][-]{subsection.2.2.2}{\376\377\000D\000i\000s\000c\000i\000p\000l\000i\000n\000a\000/\000p\000a\000u\000t\000a\000\040\000d\000e\000\040\000t\000r\000a\000b\000a\000j\000o}{section.2.2}% 6
\BOOKMARK [2][-]{subsection.2.2.3}{\376\377\000P\000l\000a\000n\000i\000f\000i\000c\000a\000c\000i\000\363\000n\000\040\000y\000\040\000h\000e\000r\000r\000a\000m\000i\000e\000n\000t\000a\000s}{section.2.2}% 7
\BOOKMARK [2][-]{subsection.2.2.4}{\376\377\000C\000u\000e\000s\000t\000i\000o\000n\000e\000s\000\040\000\351\000t\000i\000c\000a\000s\000\040\000y\000\040\000l\000e\000g\000a\000l\000e\000s}{section.2.2}% 8
\BOOKMARK [1][-]{section.2.3}{\376\377\000S\000o\000b\000r\000e\000\040\000l\000a\000\040\000r\000e\000d\000a\000c\000c\000i\000\363\000n\000\040\000d\000e\000\040\000l\000a\000\040\000m\000e\000m\000o\000r\000i\000a}{chapter.2}% 9
\BOOKMARK [2][-]{subsection.2.3.1}{\376\377\000E\000s\000t\000i\000l\000o\000\040\000d\000e\000\040\000r\000e\000d\000a\000c\000c\000i\000\363\000n}{section.2.3}% 10
\BOOKMARK [1][-]{section.2.4}{\376\377\000S\000o\000b\000r\000e\000\040\000l\000a\000\040\000m\000a\000q\000u\000e\000t\000a\000c\000i\000\363\000n}{chapter.2}% 11
\BOOKMARK [2][-]{subsection.2.4.1}{\376\377\000P\000r\000e\000s\000e\000n\000t\000a\000c\000i\000\363\000n}{section.2.4}% 12
\BOOKMARK [1][-]{section.2.5}{\376\377\000L\000a\000\040\000f\000i\000n\000a\000l\000i\000z\000a\000c\000i\000\363\000n\000\040\000d\000e\000l\000\040\000p\000r\000o\000y\000e\000c\000t\000o}{chapter.2}% 13
\BOOKMARK [2][-]{subsection.2.5.1}{\376\377\000L\000e\000c\000c\000i\000o\000n\000e\000s\000\040\000a\000p\000r\000e\000n\000d\000i\000d\000a\000s}{section.2.5}% 14
\BOOKMARK [1][-]{section.2.6}{\376\377\000O\000t\000r\000a\000s\000\040\000c\000o\000n\000s\000i\000d\000e\000r\000a\000c\000i\000o\000n\000e\000s}{chapter.2}% 15
\BOOKMARK [2][-]{subsection.2.6.1}{\376\377\000I\000n\000g\000e\000n\000i\000e\000r\000\355\000a\000\040\000C\000u\000r\000r\000i\000c\000u\000l\000a\000r}{section.2.6}% 16
\BOOKMARK [2][-]{subsection.2.6.2}{\376\377\000R\000e\000c\000o\000m\000e\000n\000d\000a\000c\000i\000o\000n\000e\000s\000\040\000g\000e\000n\000e\000r\000a\000l\000e\000s\000\040\000p\000a\000r\000a\000\040\000e\000l\000\040\000u\000s\000o\000\040\000d\000e\000\040\000l\000a\000\040\000I\000A}{section.2.6}% 17
\BOOKMARK [0][-]{chapter.3}{\376\377\000L\000a\000\040\000e\000s\000t\000r\000u\000c\000t\000u\000r\000a\000\040\000g\000e\000n\000e\000r\000a\000l\000\040\000d\000e\000\040\000l\000a\000\040\000m\000e\000m\000o\000r\000i\000a}{}% 18
\BOOKMARK [1][-]{section.3.1}{\376\377\000E\000s\000t\000r\000u\000c\000t\000u\000r\000a\000\040\000g\000e\000n\000e\000r\000a\000l\000\040\000d\000e\000\040\000u\000n\000\040\000T\000F\000G}{chapter.3}% 19
\BOOKMARK [1][-]{section.3.2}{\376\377\000P\000r\000o\000y\000e\000c\000t\000o\000s\000\040\000d\000e\000\040\000d\000e\000s\000a\000r\000r\000o\000l\000l\000o}{chapter.3}% 20
\BOOKMARK [2][-]{subsection.3.2.1}{\376\377\000M\000e\000t\000o\000d\000o\000l\000o\000g\000\355\000a\000s\000\040\000\341\000g\000i\000l\000e\000s}{section.3.2}% 21
\BOOKMARK [2][-]{subsection.3.2.2}{\376\377\000C\000i\000c\000l\000o\000\040\000d\000e\000\040\000v\000i\000d\000a\000\040\000c\000l\000\341\000s\000i\000c\000o}{section.3.2}% 22
\BOOKMARK [1][-]{section.3.3}{\376\377\000P\000r\000o\000y\000e\000c\000t\000o\000s\000\040\000d\000e\000\040\000i\000n\000v\000e\000s\000t\000i\000g\000a\000c\000i\000\363\000n}{chapter.3}% 23
\BOOKMARK [1][-]{section.3.4}{\376\377\000P\000r\000o\000y\000e\000c\000t\000o\000s\000\040\000d\000e\000\040\000r\000e\000v\000i\000s\000i\000\363\000n\000\040\000d\000e\000\040\000E\000s\000t\000a\000d\000o\000\040\000d\000e\000l\000\040\000A\000r\000t\000e}{chapter.3}% 24
\BOOKMARK [0][-]{chapter.4}{\376\377\000L\000a\000\040\000i\000n\000t\000r\000o\000d\000u\000c\000c\000i\000\363\000n\000\040\000d\000e\000l\000\040\000T\000F\000G}{}% 25
\BOOKMARK [1][-]{section.4.1}{\376\377\000I\000n\000t\000r\000o\000d\000u\000c\000c\000i\000\363\000n}{chapter.4}% 26
\BOOKMARK [1][-]{section.4.2}{\376\377\000C\000o\000n\000t\000e\000x\000t\000o}{chapter.4}% 27
\BOOKMARK [2][-]{subsection.4.2.1}{\376\377\000Q\000u\000\351\000\040\000d\000e\000\040\000q\000u\000\351\000:\000\040\000d\000e\000f\000i\000n\000i\000c\000i\000o\000n\000e\000s}{section.4.2}% 28
\BOOKMARK [2][-]{subsection.4.2.2}{\376\377\000N\000o\000\040\000d\000e\000s\000p\000i\000s\000t\000e\000s\000\040\000a\000l\000\040\000l\000e\000c\000t\000o\000r}{section.4.2}% 29
\BOOKMARK [2][-]{subsection.4.2.3}{\376\377\000E\000s\000t\000r\000u\000c\000t\000u\000r\000a\000\040\000d\000e\000\040\000l\000a\000\040\000i\000n\000t\000r\000o\000d\000u\000c\000c\000i\000\363\000n\000:\000\040\000a\000l\000g\000u\000n\000a\000s\000\040\000s\000u\000g\000e\000r\000e\000n\000c\000i\000a\000s}{section.4.2}% 30
\BOOKMARK [1][-]{section.4.3}{\376\377\000M\000o\000t\000i\000v\000a\000c\000i\000\363\000n}{chapter.4}% 31
\BOOKMARK [1][-]{section.4.4}{\376\377\000O\000b\000j\000e\000t\000i\000v\000o\000s\000\040\000d\000e\000l\000\040\000T\000F\000G}{chapter.4}% 32
\BOOKMARK [1][-]{section.4.5}{\376\377\000E\000s\000t\000r\000u\000c\000t\000u\000r\000a\000\040\000d\000e\000\040\000l\000a\000\040\000m\000e\000m\000o\000r\000i\000a}{chapter.4}% 33
\BOOKMARK [0][-]{chapter.5}{\376\377\000L\000a\000\040\000r\000e\000v\000i\000s\000i\000\363\000n\000\040\000d\000e\000l\000\040\000e\000s\000t\000a\000d\000o\000\040\000d\000e\000l\000\040\000a\000r\000t\000e}{}% 34
\BOOKMARK [1][-]{section.5.1}{\376\377\000I\000n\000t\000r\000o\000d\000u\000c\000c\000i\000\363\000n}{chapter.5}% 35
\BOOKMARK [1][-]{section.5.2}{\376\377\000B\000\372\000s\000q\000u\000e\000d\000a\000\040\000d\000e\000\040\000i\000n\000f\000o\000r\000m\000a\000c\000i\000\363\000n}{chapter.5}% 36
\BOOKMARK [2][-]{subsection.5.2.1}{\376\377\000I\000d\000e\000n\000t\000i\000f\000i\000c\000a\000r\000\040\000l\000a\000s\000\040\000p\000r\000e\000g\000u\000n\000t\000a\000s}{section.5.2}% 37
\BOOKMARK [2][-]{subsection.5.2.2}{\376\377\000S\000e\000l\000e\000c\000c\000i\000\363\000n\000\040\000d\000e\000\040\000l\000a\000s\000\040\000p\000a\000l\000a\000b\000r\000a\000s\000\040\000c\000l\000a\000v\000e\000\040\000p\000a\000r\000a\000\040\000l\000a\000\040\000b\000\372\000s\000q\000u\000e\000d\000a}{section.5.2}% 38
\BOOKMARK [2][-]{subsection.5.2.3}{\376\377\000S\000e\000l\000e\000c\000c\000i\000\363\000n\000\040\000d\000e\000\040\000l\000a\000s\000\040\000f\000u\000e\000n\000t\000e\000s\000\040\000y\000\040\000r\000e\000c\000u\000r\000s\000o\000s}{section.5.2}% 39
\BOOKMARK [2][-]{subsection.5.2.4}{\376\377\000E\000v\000a\000l\000u\000a\000c\000i\000\363\000n\000\040\000d\000e\000\040\000l\000a\000\040\000c\000a\000l\000i\000d\000a\000d\000\040\000d\000e\000\040\000l\000a\000\040\000i\000n\000f\000o\000r\000m\000a\000c\000i\000\363\000n\000,\000\040\000a\000n\000\341\000l\000i\000s\000i\000s\000\040\000y\000\040\000s\000\355\000n\000t\000e\000s\000i\000s}{section.5.2}% 40
\BOOKMARK [1][-]{section.5.3}{\376\377\000C\000\363\000m\000o\000\040\000p\000l\000a\000s\000m\000a\000r\000l\000o\000\040\000e\000n\000\040\000l\000a\000\040\000m\000e\000m\000o\000r\000i\000a}{chapter.5}% 41
\BOOKMARK [1][-]{section.5.4}{\376\377\000R\000e\000c\000o\000m\000e\000n\000d\000a\000c\000i\000o\000n\000e\000s\000\040\000g\000e\000n\000e\000r\000a\000l\000e\000s}{chapter.5}% 42
\BOOKMARK [0][-]{chapter.6}{\376\377\000L\000a\000\040\000p\000l\000a\000n\000i\000f\000i\000c\000a\000c\000i\000\363\000n\000\040\000y\000\040\000l\000o\000s\000\040\000c\000o\000s\000t\000e\000s\000\040\000d\000e\000l\000\040\000p\000r\000o\000y\000e\000c\000t\000o}{}% 43
\BOOKMARK [1][-]{section.6.1}{\376\377\000P\000l\000a\000n\000i\000f\000i\000c\000a\000c\000i\000\363\000n\000\040\000t\000e\000m\000p\000o\000r\000a\000l}{chapter.6}% 44
\BOOKMARK [2][-]{subsection.6.1.1}{\376\377\000P\000l\000a\000n\000i\000f\000i\000c\000a\000c\000i\000\363\000n\000\040\000`\000`\000a\000\040\000p\000o\000s\000t\000e\000r\000i\000o\000r\000i\000'\000'}{section.6.1}% 45
\BOOKMARK [1][-]{section.6.2}{\376\377\000P\000l\000a\000n\000\040\000d\000e\000\040\000g\000e\000s\000t\000i\000\363\000n\000\040\000d\000e\000\040\000r\000i\000e\000s\000g\000o\000s\000\040\000y\000\040\000c\000o\000n\000t\000i\000n\000g\000e\000n\000c\000i\000a\000s}{chapter.6}% 46
\BOOKMARK [1][-]{section.6.3}{\376\377\000C\000o\000s\000t\000e\000s}{chapter.6}% 47
\BOOKMARK [2][-]{subsection.6.3.1}{\376\377\000E\000j\000e\000m\000p\000l\000o}{section.6.3}% 48
\BOOKMARK [2][-]{subsection.6.3.2}{\376\377\000C\000o\000s\000t\000e\000\040\000T\000o\000t\000a\000l}{section.6.3}% 49
\BOOKMARK [0][-]{chapter.7}{\376\377\000L\000a\000s\000\040\000c\000o\000n\000c\000l\000u\000s\000i\000o\000n\000e\000s\000\040\000y\000\040\000l\000o\000s\000\040\000t\000r\000a\000b\000a\000j\000o\000s\000\040\000f\000u\000t\000u\000r\000o\000s}{}% 50
\BOOKMARK [1][-]{section.7.1}{\376\377\000C\000o\000n\000c\000l\000u\000s\000i\000o\000n\000e\000s}{chapter.7}% 51
\BOOKMARK [1][-]{section.7.2}{\376\377\000T\000r\000a\000b\000a\000j\000o\000\040\000f\000u\000t\000u\000r\000o}{chapter.7}% 52
\BOOKMARK [0][-]{chapter.8}{\376\377\000L\000a\000\040\000b\000i\000b\000l\000i\000o\000g\000r\000a\000f\000\355\000a}{}% 53
\BOOKMARK [1][-]{section.8.1}{\376\377\000\277\000P\000o\000r\000\040\000q\000u\000\351\000\040\000c\000i\000t\000a\000r\000?}{chapter.8}% 54
\BOOKMARK [1][-]{section.8.2}{\376\377\000\277\000Q\000u\000\351\000\040\000c\000i\000t\000a\000r\000?}{chapter.8}% 55
\BOOKMARK [1][-]{section.8.3}{\376\377\000\277\000C\000\363\000m\000o\000\040\000c\000i\000t\000a\000r\000?}{chapter.8}% 56
\BOOKMARK [1][-]{section.8.4}{\376\377\000H\000e\000r\000r\000a\000m\000i\000e\000n\000t\000a\000s\000\040\000d\000e\000\040\000g\000e\000s\000t\000i\000\363\000n\000\040\000d\000e\000\040\000r\000e\000f\000e\000r\000e\000n\000c\000i\000a\000s\000\040\000y\000\040\000c\000i\000t\000a\000s}{chapter.8}% 57
\BOOKMARK [1][-]{section.8.5}{\376\377\000C\000o\000n\000s\000e\000j\000o\000s\000\040\000p\000r\000\341\000c\000t\000i\000c\000o\000s}{chapter.8}% 58
\BOOKMARK [0][-]{chapter.9}{\376\377\000L\000a\000\040\000r\000e\000v\000i\000s\000i\000\363\000n\000\040\000d\000e\000l\000\040\000p\000r\000o\000y\000e\000c\000t\000o\000\040\000y\000\040\000l\000a\000\040\000m\000e\000m\000o\000r\000i\000a}{}% 59
\BOOKMARK [0][-]{chapter.10}{\376\377\000L\000a\000\040\000e\000l\000a\000b\000o\000r\000a\000c\000i\000\363\000n\000\040\000d\000e\000\040\000l\000a\000\040\000p\000r\000e\000s\000e\000n\000t\000a\000c\000i\000\363\000n\000\040\000e\000n\000\040\000l\000a\000\040\000d\000e\000f\000e\000n\000s\000a}{}% 60
\BOOKMARK [1][-]{section.10.1}{\376\377\000C\000\351\000n\000t\000r\000a\000t\000e\000\040\000e\000n\000\040\000l\000o\000\040\000i\000m\000p\000o\000r\000t\000a\000n\000t\000e}{chapter.10}% 61
\BOOKMARK [1][-]{section.10.2}{\376\377\000L\000a\000\040\000p\000r\000e\000s\000e\000n\000t\000a\000c\000i\000\363\000n\000\040\000n\000o\000\040\000e\000s\000\040\000u\000n\000\040\000k\000a\000r\000a\000o\000k\000e}{chapter.10}% 62
\BOOKMARK [1][-]{section.10.3}{\376\377\000E\000l\000\040\000p\000o\000d\000e\000r\000\040\000d\000e\000\040\000l\000o\000\040\000v\000i\000s\000u\000a\000l}{chapter.10}% 63
\BOOKMARK [1][-]{section.10.4}{\376\377\000S\000h\000o\000w\000.\000\040\000D\000o\000n\000'\000t\000\040\000t\000e\000l\000l}{chapter.10}% 64
\BOOKMARK [0][-]{chapter.11}{\376\377\000L\000a\000\040\000d\000e\000f\000e\000n\000s\000a}{}% 65
\BOOKMARK [1][-]{section.11.1}{\376\377\000L\000a\000\040\000e\000s\000t\000r\000u\000c\000t\000u\000r\000a\000\040\000d\000e\000l\000\040\000a\000c\000t\000o}{chapter.11}% 66
\BOOKMARK [1][-]{section.11.2}{\376\377\000L\000a\000\040\000i\000m\000p\000o\000r\000t\000a\000n\000c\000i\000a\000\040\000d\000e\000\040\000l\000a\000\040\000d\000e\000f\000e\000n\000s\000a}{chapter.11}% 67
\BOOKMARK [1][-]{section.11.3}{\376\377\000L\000a\000\040\000c\000o\000m\000u\000n\000i\000c\000a\000c\000i\000\363\000n\000\040\000c\000o\000n\000\040\000l\000a\000\040\000c\000o\000m\000i\000s\000i\000\363\000n}{chapter.11}% 68
\BOOKMARK [1][-]{section.11.4}{\376\377\000C\000u\000e\000s\000t\000i\000o\000n\000e\000s\000\040\000d\000e\000\040\000p\000r\000o\000t\000o\000c\000o\000l\000o}{chapter.11}% 69
\BOOKMARK [0][-]{appendix.Alph1}{\376\377\000P\000r\000o\000p\000i\000e\000d\000a\000d\000\040\000i\000n\000t\000e\000l\000e\000c\000t\000u\000a\000l\000\040\000y\000\040\000l\000i\000c\000e\000n\000c\000i\000a\000s}{}% 70
\BOOKMARK [1][-]{section.Alph1.1}{\376\377\000P\000r\000o\000p\000i\000e\000d\000a\000d\000\040\000i\000n\000t\000e\000l\000e\000c\000t\000u\000a\000l}{appendix.Alph1}% 71
\BOOKMARK [2][-]{subsection.Alph1.1.1}{\376\377\000N\000o\000r\000m\000a\000t\000i\000v\000a\000\040\000d\000e\000\040\000l\000a\000\040\000u\000n\000i\000v\000e\000r\000s\000i\000d\000a\000d}{section.Alph1.1}% 72
\BOOKMARK [1][-]{section.Alph1.2}{\376\377\000\277\000Q\000u\000\351\000\040\000s\000o\000n\000\040\000l\000a\000s\000\040\000l\000i\000c\000e\000n\000c\000i\000a\000s\000?}{appendix.Alph1}% 73
\BOOKMARK [1][-]{section.Alph1.3}{\376\377\000L\000i\000c\000e\000n\000c\000i\000a\000s\000\040\000p\000a\000r\000a\000\040\000t\000e\000x\000t\000o\000,\000\040\000c\000o\000n\000j\000u\000n\000t\000o\000s\000\040\000d\000e\000\040\000d\000a\000t\000o\000s\000\040\000e\000\040\000i\000m\000\341\000g\000e\000n\000e\000s}{appendix.Alph1}% 74
\BOOKMARK [1][-]{section.Alph1.4}{\376\377\000L\000i\000c\000e\000n\000c\000i\000a\000s\000\040\000d\000e\000\040\000c\000\363\000d\000i\000g\000o\000\040\000f\000u\000e\000n\000t\000e}{appendix.Alph1}% 75
\BOOKMARK [2][-]{subsection.Alph1.4.1}{\376\377\000L\000i\000c\000e\000n\000c\000i\000a\000s\000\040\000d\000e\000\040\000s\000o\000f\000t\000w\000a\000r\000e\000\040\000l\000i\000b\000r\000e}{section.Alph1.4}% 76
\BOOKMARK [2][-]{subsection.Alph1.4.2}{\376\377\000C\000\363\000d\000i\000g\000o\000\040\000a\000b\000i\000e\000r\000t\000o}{section.Alph1.4}% 77
\BOOKMARK [1][-]{section.Alph1.5}{\376\377\000C\000\363\000m\000o\000\040\000a\000p\000l\000i\000c\000a\000r\000\040\000u\000n\000a\000\040\000l\000i\000c\000e\000n\000c\000i\000a\000\040\000a\000\040\000t\000u\000\040\000p\000r\000o\000y\000e\000c\000t\000o}{appendix.Alph1}% 78
\BOOKMARK [1][-]{section.Alph1.6}{\376\377\000C\000\363\000d\000i\000g\000o\000\040\000g\000e\000n\000e\000r\000a\000d\000o\000\040\000p\000o\000r\000\040\000I\000A\000\040\000o\000\040\000c\000o\000p\000i\000a\000d\000o\000\040\000d\000e\000\040\000p\000\341\000g\000i\000n\000a\000s\000\040\000w\000e\000b}{appendix.Alph1}% 79
\BOOKMARK [1][-]{section.Alph1.7}{\376\377\000O\000t\000r\000a\000s\000\040\000c\000o\000n\000s\000i\000d\000e\000r\000a\000c\000i\000o\000n\000e\000s\000\040\000s\000o\000b\000r\000e\000\040\000l\000a\000s\000\040\000l\000i\000c\000e\000n\000c\000i\000a\000s\000\040\000y\000\040\000c\000\363\000m\000o\000\040\000o\000b\000t\000e\000n\000e\000r\000l\000a\000s}{appendix.Alph1}% 80
\BOOKMARK [0][-]{appendix.Alph2}{\376\377\000L\000a\000s\000\040\000t\000i\000p\000o\000l\000o\000g\000\355\000a\000s\000\040\000d\000e\000\040\000T\000F\000G\000\040\000y\000\040\000s\000u\000\040\000d\000e\000s\000a\000r\000r\000o\000l\000l\000o}{}% 81
\BOOKMARK [1][-]{section.Alph2.1}{\376\377\000T\000F\000G\000\040\000d\000e\000\040\000d\000e\000s\000a\000r\000r\000o\000l\000l\000o\000\040\000d\000e\000\040\000s\000o\000f\000t\000w\000a\000r\000e}{appendix.Alph2}% 82
\BOOKMARK [1][-]{section.Alph2.2}{\376\377\000T\000F\000G\000\040\000d\000e\000\040\000i\000n\000v\000e\000s\000t\000i\000g\000a\000c\000i\000\363\000n}{appendix.Alph2}% 83
\BOOKMARK [2][-]{subsection.Alph2.2.1}{\376\377\000E\000l\000\040\000m\000\351\000t\000o\000d\000o\000\040\000c\000i\000e\000n\000t\000\355\000f\000i\000c\000o}{section.Alph2.2}% 84
\BOOKMARK [2][-]{subsection.Alph2.2.2}{\376\377\000E\000s\000t\000r\000u\000c\000t\000u\000r\000a\000\040\000d\000e\000l\000\040\000t\000r\000a\000b\000a\000j\000o\000\040\000y\000\040\000d\000e\000\040\000l\000a\000\040\000m\000e\000m\000o\000r\000i\000a}{section.Alph2.2}% 85
\BOOKMARK [2][-]{subsection.Alph2.2.3}{\376\377\000R\000e\000c\000o\000m\000e\000n\000d\000a\000c\000i\000o\000n\000e\000s}{section.Alph2.2}% 86
\BOOKMARK [1][-]{section.Alph2.3}{\376\377\000T\000F\000G\000\040\000d\000e\000\040\000r\000e\000v\000i\000s\000i\000\363\000n\000\040\000d\000e\000l\000\040\000e\000s\000t\000a\000d\000o\000\040\000d\000e\000l\000\040\000a\000r\000t\000e}{appendix.Alph2}% 87
\BOOKMARK [2][-]{subsection.Alph2.3.1}{\376\377\000T\000i\000p\000o\000s\000\040\000d\000e\000\040\000r\000e\000v\000i\000s\000i\000o\000n\000e\000s}{section.Alph2.3}% 88
\BOOKMARK [2][-]{subsection.Alph2.3.2}{\376\377\000R\000e\000v\000i\000s\000i\000o\000n\000e\000s\000\040\000s\000i\000s\000t\000e\000m\000\341\000t\000i\000c\000a\000s}{section.Alph2.3}% 89
\BOOKMARK [0][-]{appendix.Alph3}{\376\377\000E\000x\000p\000e\000r\000i\000e\000n\000c\000i\000a\000s\000\040\000y\000\040\000c\000o\000n\000s\000e\000j\000o\000s\000\040\000d\000e\000l\000\040\000e\000s\000t\000u\000d\000i\000a\000n\000t\000a\000d\000o}{}% 90
\BOOKMARK [1][-]{section.Alph3.1}{\376\377\000\241\000I\000n\000c\000l\000u\000y\000e\000\040\000t\000u\000\040\000c\000o\000m\000e\000n\000t\000a\000r\000i\000o\000\040\000o\000\040\000e\000x\000p\000e\000r\000i\000e\000n\000c\000i\000a\000\040\000a\000q\000u\000\355\000!}{appendix.Alph3}% 91
