This is pdfTeX, Version 3.141592653-2.6-1.40.25 (TeX Live 2023/Debian) (preloaded format=pdflatex 2025.2.17)  17 FEB 2025 13:15
entering extended mode
 restricted \write18 enabled.
 %&-line parsing enabled.
**ElaboracionMemoriaTFG.tex
(./ElaboracionMemoriaTFG.tex
LaTeX2e <2023-11-01> patch level 1
L3 programming layer <2024-01-22>
(/usr/share/texlive/texmf-dist/tex/latex/base/book.cls
Document Class: book 2023/05/17 v1.4n Standard LaTeX document class
(/usr/share/texlive/texmf-dist/tex/latex/base/bk10.clo
File: bk10.clo 2023/05/17 v1.4n Standard LaTeX file (size option)
)
\c@part=\count187
\c@chapter=\count188
\c@section=\count189
\c@subsection=\count190
\c@subsubsection=\count191
\c@paragraph=\count192
\c@subparagraph=\count193
\c@figure=\count194
\c@table=\count195
\abovecaptionskip=\skip48
\belowcaptionskip=\skip49
\bibindent=\dimen140
)
(/usr/share/texlive/texmf-dist/tex/latex/geometry/geometry.sty
Package: geometry 2020/01/02 v5.9 Page Geometry

(/usr/share/texlive/texmf-dist/tex/latex/graphics/keyval.sty
Package: keyval 2022/05/29 v1.15 key=value parser (DPC)
\KV@toks@=\toks17
)
(/usr/share/texlive/texmf-dist/tex/generic/iftex/ifvtex.sty
Package: ifvtex 2019/10/25 v1.7 ifvtex legacy package. Use iftex instead.

(/usr/share/texlive/texmf-dist/tex/generic/iftex/iftex.sty
Package: iftex 2022/02/03 v1.0f TeX engine tests
))
\Gm@cnth=\count196
\Gm@cntv=\count197
\c@Gm@tempcnt=\count198
\Gm@bindingoffset=\dimen141
\Gm@wd@mp=\dimen142
\Gm@odd@mp=\dimen143
\Gm@even@mp=\dimen144
\Gm@layoutwidth=\dimen145
\Gm@layoutheight=\dimen146
\Gm@layouthoffset=\dimen147
\Gm@layoutvoffset=\dimen148
\Gm@dimlist=\toks18
)
(/usr/share/texlive/texmf-dist/tex/latex/xcolor/xcolor.sty
Package: xcolor 2023/11/15 v3.01 LaTeX color extensions (UK)

(/usr/share/texlive/texmf-dist/tex/latex/graphics-cfg/color.cfg
File: color.cfg 2016/01/02 v1.6 sample color configuration
)
Package xcolor Info: Driver file: pdftex.def on input line 274.

(/usr/share/texlive/texmf-dist/tex/latex/graphics-def/pdftex.def
File: pdftex.def 2022/09/22 v1.2b Graphics/color driver for pdftex
)
(/usr/share/texlive/texmf-dist/tex/latex/graphics/mathcolor.ltx)
Package xcolor Info: Model `cmy' substituted by `cmy0' on input line 1350.
Package xcolor Info: Model `hsb' substituted by `rgb' on input line 1354.
Package xcolor Info: Model `RGB' extended on input line 1366.
Package xcolor Info: Model `HTML' substituted by `rgb' on input line 1368.
Package xcolor Info: Model `Hsb' substituted by `hsb' on input line 1369.
Package xcolor Info: Model `tHsb' substituted by `hsb' on input line 1370.
Package xcolor Info: Model `HSB' substituted by `hsb' on input line 1371.
Package xcolor Info: Model `Gray' substituted by `gray' on input line 1372.
Package xcolor Info: Model `wave' substituted by `hsb' on input line 1373.
)
(/usr/share/texlive/texmf-dist/tex/generic/babel/babel.sty
Package: babel 2024/01/07 v24.1 The Babel package
\babel@savecnt=\count199
\U@D=\dimen149
\l@unhyphenated=\language89

(/usr/share/texlive/texmf-dist/tex/generic/babel/txtbabel.def)
\bbl@readstream=\read2
\bbl@dirlevel=\count266

(/usr/share/texlive/texmf-dist/tex/generic/babel-spanish/spanish.ldf
Language: spanish.ldf 2021/05/27 v5.0q Spanish support from the babel system
\es@quottoks=\toks19
\es@quotdepth=\count267
Package babel Info: Making " an active character on input line 570.
Package babel Info: Making . an active character on input line 675.
Package babel Info: Making < an active character on input line 722.
Package babel Info: Making > an active character on input line 722.
))
(/usr/share/texlive/texmf-dist/tex/generic/babel/locale/es/babel-spanish.tex
Package babel Info: Importing font and identification data for spanish
(babel)             from babel-es.ini. Reported on input line 11.
)
(/usr/share/texlive/texmf-dist/tex/latex/graphics/graphicx.sty
Package: graphicx 2021/09/16 v1.2d Enhanced LaTeX Graphics (DPC,SPQR)

(/usr/share/texlive/texmf-dist/tex/latex/graphics/graphics.sty
Package: graphics 2022/03/10 v1.4e Standard LaTeX Graphics (DPC,SPQR)

(/usr/share/texlive/texmf-dist/tex/latex/graphics/trig.sty
Package: trig 2021/08/11 v1.11 sin cos tan (DPC)
)
(/usr/share/texlive/texmf-dist/tex/latex/graphics-cfg/graphics.cfg
File: graphics.cfg 2016/06/04 v1.11 sample graphics configuration
)
Package graphics Info: Driver file: pdftex.def on input line 107.
)
\Gin@req@height=\dimen150
\Gin@req@width=\dimen151
)
(/usr/share/texlive/texmf-dist/tex/latex/hyperref/hyperref.sty
Package: hyperref 2024-01-20 v7.01h Hypertext links for LaTeX

(/usr/share/texlive/texmf-dist/tex/latex/kvsetkeys/kvsetkeys.sty
Package: kvsetkeys 2022-10-05 v1.19 Key value parser (HO)
)
(/usr/share/texlive/texmf-dist/tex/generic/kvdefinekeys/kvdefinekeys.sty
Package: kvdefinekeys 2019-12-19 v1.6 Define keys (HO)
)
(/usr/share/texlive/texmf-dist/tex/generic/pdfescape/pdfescape.sty
Package: pdfescape 2019/12/09 v1.15 Implements pdfTeX's escape features (HO)

(/usr/share/texlive/texmf-dist/tex/generic/ltxcmds/ltxcmds.sty
Package: ltxcmds 2023-12-04 v1.26 LaTeX kernel commands for general use (HO)
)
(/usr/share/texlive/texmf-dist/tex/generic/pdftexcmds/pdftexcmds.sty
Package: pdftexcmds 2020-06-27 v0.33 Utility functions of pdfTeX for LuaTeX (HO
)

(/usr/share/texlive/texmf-dist/tex/generic/infwarerr/infwarerr.sty
Package: infwarerr 2019/12/03 v1.5 Providing info/warning/error messages (HO)
)
Package pdftexcmds Info: \pdf@primitive is available.
Package pdftexcmds Info: \pdf@ifprimitive is available.
Package pdftexcmds Info: \pdfdraftmode found.
))
(/usr/share/texlive/texmf-dist/tex/latex/hycolor/hycolor.sty
Package: hycolor 2020-01-27 v1.10 Color options for hyperref/bookmark (HO)
)
(/usr/share/texlive/texmf-dist/tex/latex/auxhook/auxhook.sty
Package: auxhook 2019-12-17 v1.6 Hooks for auxiliary files (HO)
)
(/usr/share/texlive/texmf-dist/tex/latex/hyperref/nameref.sty
Package: nameref 2023-11-26 v2.56 Cross-referencing by name of section

(/usr/share/texlive/texmf-dist/tex/latex/refcount/refcount.sty
Package: refcount 2019/12/15 v3.6 Data extraction from label references (HO)
)
(/usr/share/texlive/texmf-dist/tex/generic/gettitlestring/gettitlestring.sty
Package: gettitlestring 2019/12/15 v1.6 Cleanup title references (HO)

(/usr/share/texlive/texmf-dist/tex/latex/kvoptions/kvoptions.sty
Package: kvoptions 2022-06-15 v3.15 Key value format for package options (HO)
))
\c@section@level=\count268
)
(/usr/share/texlive/texmf-dist/tex/latex/etoolbox/etoolbox.sty
Package: etoolbox 2020/10/05 v2.5k e-TeX tools for LaTeX (JAW)
\etb@tempcnta=\count269
)
\@linkdim=\dimen152
\Hy@linkcounter=\count270
\Hy@pagecounter=\count271

(/usr/share/texlive/texmf-dist/tex/latex/hyperref/pd1enc.def
File: pd1enc.def 2024-01-20 v7.01h Hyperref: PDFDocEncoding definition (HO)
Now handling font encoding PD1 ...
... no UTF-8 mapping file for font encoding PD1
)
(/usr/share/texlive/texmf-dist/tex/generic/intcalc/intcalc.sty
Package: intcalc 2019/12/15 v1.3 Expandable calculations with integers (HO)
)
\Hy@SavedSpaceFactor=\count272

(/usr/share/texlive/texmf-dist/tex/latex/hyperref/puenc.def
File: puenc.def 2024-01-20 v7.01h Hyperref: PDF Unicode definition (HO)
Now handling font encoding PU ...
... no UTF-8 mapping file for font encoding PU
)
Package hyperref Info: Hyper figures OFF on input line 4179.
Package hyperref Info: Link nesting OFF on input line 4184.
Package hyperref Info: Hyper index ON on input line 4187.
Package hyperref Info: Plain pages OFF on input line 4194.
Package hyperref Info: Backreferencing OFF on input line 4199.
Package hyperref Info: Implicit mode ON; LaTeX internals redefined.
Package hyperref Info: Bookmarks ON on input line 4446.
\c@Hy@tempcnt=\count273

(/usr/share/texlive/texmf-dist/tex/latex/url/url.sty
\Urlmuskip=\muskip16
Package: url 2013/09/16  ver 3.4  Verb mode for urls, etc.
)
LaTeX Info: Redefining \url on input line 4784.
\XeTeXLinkMargin=\dimen153

(/usr/share/texlive/texmf-dist/tex/generic/bitset/bitset.sty
Package: bitset 2019/12/09 v1.3 Handle bit-vector datatype (HO)

(/usr/share/texlive/texmf-dist/tex/generic/bigintcalc/bigintcalc.sty
Package: bigintcalc 2019/12/15 v1.5 Expandable calculations on big integers (HO
)
))
\Fld@menulength=\count274
\Field@Width=\dimen154
\Fld@charsize=\dimen155
Package hyperref Info: Hyper figures OFF on input line 6063.
Package hyperref Info: Link nesting OFF on input line 6068.
Package hyperref Info: Hyper index ON on input line 6071.
Package hyperref Info: backreferencing OFF on input line 6078.
Package hyperref Info: Link coloring OFF on input line 6083.
Package hyperref Info: Link coloring with OCG OFF on input line 6088.
Package hyperref Info: PDF/A mode OFF on input line 6093.

(/usr/share/texlive/texmf-dist/tex/latex/base/atbegshi-ltx.sty
Package: atbegshi-ltx 2021/01/10 v1.0c Emulation of the original atbegshi
package with kernel methods
)
\Hy@abspage=\count275
\c@Item=\count276
\c@Hfootnote=\count277
)
Package hyperref Info: Driver (autodetected): hpdftex.

(/usr/share/texlive/texmf-dist/tex/latex/hyperref/hpdftex.def
File: hpdftex.def 2024-01-20 v7.01h Hyperref driver for pdfTeX

(/usr/share/texlive/texmf-dist/tex/latex/base/atveryend-ltx.sty
Package: atveryend-ltx 2020/08/19 v1.0a Emulation of the original atveryend pac
kage
with kernel methods
)
\Fld@listcount=\count278
\c@bookmark@seq@number=\count279

(/usr/share/texlive/texmf-dist/tex/latex/rerunfilecheck/rerunfilecheck.sty
Package: rerunfilecheck 2022-07-10 v1.10 Rerun checks for auxiliary files (HO)

(/usr/share/texlive/texmf-dist/tex/generic/uniquecounter/uniquecounter.sty
Package: uniquecounter 2019/12/15 v1.4 Provide unlimited unique counter (HO)
)
Package uniquecounter Info: New unique counter `rerunfilecheck' on input line 2
85.
)
\Hy@SectionHShift=\skip50
)
(/usr/share/texlive/texmf-dist/tex/latex/booktabs/booktabs.sty
Package: booktabs 2020/01/12 v1.61803398 Publication quality tables
\heavyrulewidth=\dimen156
\lightrulewidth=\dimen157
\cmidrulewidth=\dimen158
\belowrulesep=\dimen159
\belowbottomsep=\dimen160
\aboverulesep=\dimen161
\abovetopsep=\dimen162
\cmidrulesep=\dimen163
\cmidrulekern=\dimen164
\defaultaddspace=\dimen165
\@cmidla=\count280
\@cmidlb=\count281
\@aboverulesep=\dimen166
\@belowrulesep=\dimen167
\@thisruleclass=\count282
\@lastruleclass=\count283
\@thisrulewidth=\dimen168
)
(/usr/share/texlive/texmf-dist/tex/latex/varwidth/varwidth.sty
Package: varwidth 2009/03/30 ver 0.92;  Variable-width minipages
\@vwid@box=\box51
\sift@deathcycles=\count284
\@vwid@loff=\dimen169
\@vwid@roff=\dimen170
)
(/usr/share/texlive/texmf-dist/tex/latex/caption/caption.sty
Package: caption 2023/08/05 v3.6o Customizing captions (AR)

(/usr/share/texlive/texmf-dist/tex/latex/caption/caption3.sty
Package: caption3 2023/07/31 v2.4d caption3 kernel (AR)
\caption@tempdima=\dimen171
\captionmargin=\dimen172
\caption@leftmargin=\dimen173
\caption@rightmargin=\dimen174
\caption@width=\dimen175
\caption@indent=\dimen176
\caption@parindent=\dimen177
\caption@hangindent=\dimen178
Package caption Info: Standard document class detected.
)
\c@caption@flags=\count285
\c@continuedfloat=\count286
Package caption Info: hyperref package is loaded.
)
(/usr/share/texlive/texmf-dist/tex/latex/multirow/multirow.sty
Package: multirow 2021/03/15 v2.8 Span multiple rows of a table
\multirow@colwidth=\skip51
\multirow@cntb=\count287
\multirow@dima=\skip52
\bigstrutjot=\dimen179
)
(/usr/share/texlive/texmf-dist/tex/latex/base/textcomp.sty
Package: textcomp 2020/02/02 v2.0n Standard LaTeX package
)
(/usr/share/texlive/texmf-dist/tex/latex/amsmath/amsmath.sty
Package: amsmath 2023/05/13 v2.17o AMS math features
\@mathmargin=\skip53

For additional information on amsmath, use the `?' option.
(/usr/share/texlive/texmf-dist/tex/latex/amsmath/amstext.sty
Package: amstext 2021/08/26 v2.01 AMS text

(/usr/share/texlive/texmf-dist/tex/latex/amsmath/amsgen.sty
File: amsgen.sty 1999/11/30 v2.0 generic functions
\@emptytoks=\toks20
\ex@=\dimen180
))
(/usr/share/texlive/texmf-dist/tex/latex/amsmath/amsbsy.sty
Package: amsbsy 1999/11/29 v1.2d Bold Symbols
\pmbraise@=\dimen181
)
(/usr/share/texlive/texmf-dist/tex/latex/amsmath/amsopn.sty
Package: amsopn 2022/04/08 v2.04 operator names
)
\inf@bad=\count288
LaTeX Info: Redefining \frac on input line 234.
\uproot@=\count289
\leftroot@=\count290
LaTeX Info: Redefining \overline on input line 399.
LaTeX Info: Redefining \colon on input line 410.
\classnum@=\count291
\DOTSCASE@=\count292
LaTeX Info: Redefining \ldots on input line 496.
LaTeX Info: Redefining \dots on input line 499.
LaTeX Info: Redefining \cdots on input line 620.
\Mathstrutbox@=\box52
\strutbox@=\box53
LaTeX Info: Redefining \big on input line 722.
LaTeX Info: Redefining \Big on input line 723.
LaTeX Info: Redefining \bigg on input line 724.
LaTeX Info: Redefining \Bigg on input line 725.
\big@size=\dimen182
LaTeX Font Info:    Redeclaring font encoding OML on input line 743.
LaTeX Font Info:    Redeclaring font encoding OMS on input line 744.
\macc@depth=\count293
LaTeX Info: Redefining \bmod on input line 905.
LaTeX Info: Redefining \pmod on input line 910.
LaTeX Info: Redefining \smash on input line 940.
LaTeX Info: Redefining \relbar on input line 970.
LaTeX Info: Redefining \Relbar on input line 971.
\c@MaxMatrixCols=\count294
\dotsspace@=\muskip17
\c@parentequation=\count295
\dspbrk@lvl=\count296
\tag@help=\toks21
\row@=\count297
\column@=\count298
\maxfields@=\count299
\andhelp@=\toks22
\eqnshift@=\dimen183
\alignsep@=\dimen184
\tagshift@=\dimen185
\tagwidth@=\dimen186
\totwidth@=\dimen187
\lineht@=\dimen188
\@envbody=\toks23
\multlinegap=\skip54
\multlinetaggap=\skip55
\mathdisplay@stack=\toks24
LaTeX Info: Redefining \[ on input line 2953.
LaTeX Info: Redefining \] on input line 2954.
)
(/usr/share/texlive/texmf-dist/tex/latex/enumitem/enumitem.sty
Package: enumitem 2019/06/20 v3.9 Customized lists
\labelindent=\skip56
\enit@outerparindent=\dimen189
\enit@toks=\toks25
\enit@inbox=\box54
\enit@count@id=\count300
\enitdp@description=\count301
)
(/usr/share/texlive/texmf-dist/tex/latex/todonotes/todonotes.sty
Package: todonotes 2024/01/05 v1.1.7 Todonotes source and documentation.
Package: todonotes 2024/01/05

(/usr/share/texlive/texmf-dist/tex/latex/base/ifthen.sty
Package: ifthen 2022/04/13 v1.1d Standard LaTeX ifthen package (DPC)
)
(/usr/share/texlive/texmf-dist/tex/latex/xkeyval/xkeyval.sty
Package: xkeyval 2022/06/16 v2.9 package option processing (HA)

(/usr/share/texlive/texmf-dist/tex/generic/xkeyval/xkeyval.tex
(/usr/share/texlive/texmf-dist/tex/generic/xkeyval/xkvutils.tex
\XKV@toks=\toks26
\XKV@tempa@toks=\toks27
)
\XKV@depth=\count302
File: xkeyval.tex 2014/12/03 v2.7a key=value parser (HA)
))
(/usr/share/texlive/texmf-dist/tex/latex/pgf/frontendlayer/tikz.sty
(/usr/share/texlive/texmf-dist/tex/latex/pgf/basiclayer/pgf.sty
(/usr/share/texlive/texmf-dist/tex/latex/pgf/utilities/pgfrcs.sty
(/usr/share/texlive/texmf-dist/tex/generic/pgf/utilities/pgfutil-common.tex
\pgfutil@everybye=\toks28
\pgfutil@tempdima=\dimen190
\pgfutil@tempdimb=\dimen191
)
(/usr/share/texlive/texmf-dist/tex/generic/pgf/utilities/pgfutil-latex.def
\pgfutil@abb=\box55
)
(/usr/share/texlive/texmf-dist/tex/generic/pgf/utilities/pgfrcs.code.tex
(/usr/share/texlive/texmf-dist/tex/generic/pgf/pgf.revision.tex)
Package: pgfrcs 2023-01-15 v3.1.10 (3.1.10)
))
Package: pgf 2023-01-15 v3.1.10 (3.1.10)

(/usr/share/texlive/texmf-dist/tex/latex/pgf/basiclayer/pgfcore.sty
(/usr/share/texlive/texmf-dist/tex/latex/pgf/systemlayer/pgfsys.sty
(/usr/share/texlive/texmf-dist/tex/generic/pgf/systemlayer/pgfsys.code.tex
Package: pgfsys 2023-01-15 v3.1.10 (3.1.10)

(/usr/share/texlive/texmf-dist/tex/generic/pgf/utilities/pgfkeys.code.tex
\pgfkeys@pathtoks=\toks29
\pgfkeys@temptoks=\toks30

(/usr/share/texlive/texmf-dist/tex/generic/pgf/utilities/pgfkeyslibraryfiltered
.code.tex
\pgfkeys@tmptoks=\toks31
))
\pgf@x=\dimen192
\pgf@y=\dimen193
\pgf@xa=\dimen194
\pgf@ya=\dimen195
\pgf@xb=\dimen196
\pgf@yb=\dimen197
\pgf@xc=\dimen198
\pgf@yc=\dimen199
\pgf@xd=\dimen256
\pgf@yd=\dimen257
\w@pgf@writea=\write3
\r@pgf@reada=\read3
\c@pgf@counta=\count303
\c@pgf@countb=\count304
\c@pgf@countc=\count305
\c@pgf@countd=\count306
\t@pgf@toka=\toks32
\t@pgf@tokb=\toks33
\t@pgf@tokc=\toks34
\pgf@sys@id@count=\count307
 (/usr/share/texlive/texmf-dist/tex/generic/pgf/systemlayer/pgf.cfg
File: pgf.cfg 2023-01-15 v3.1.10 (3.1.10)
)
Driver file for pgf: pgfsys-pdftex.def
(/usr/share/texlive/texmf-dist/tex/generic/pgf/systemlayer/pgfsys-pdftex.def
File: pgfsys-pdftex.def 2023-01-15 v3.1.10 (3.1.10)

(/usr/share/texlive/texmf-dist/tex/generic/pgf/systemlayer/pgfsys-common-pdf.de
f
File: pgfsys-common-pdf.def 2023-01-15 v3.1.10 (3.1.10)
)))
(/usr/share/texlive/texmf-dist/tex/generic/pgf/systemlayer/pgfsyssoftpath.code.
tex
File: pgfsyssoftpath.code.tex 2023-01-15 v3.1.10 (3.1.10)
\pgfsyssoftpath@smallbuffer@items=\count308
\pgfsyssoftpath@bigbuffer@items=\count309
)
(/usr/share/texlive/texmf-dist/tex/generic/pgf/systemlayer/pgfsysprotocol.code.
tex
File: pgfsysprotocol.code.tex 2023-01-15 v3.1.10 (3.1.10)
))
(/usr/share/texlive/texmf-dist/tex/generic/pgf/basiclayer/pgfcore.code.tex
Package: pgfcore 2023-01-15 v3.1.10 (3.1.10)

(/usr/share/texlive/texmf-dist/tex/generic/pgf/math/pgfmath.code.tex
(/usr/share/texlive/texmf-dist/tex/generic/pgf/math/pgfmathutil.code.tex)
(/usr/share/texlive/texmf-dist/tex/generic/pgf/math/pgfmathparser.code.tex
\pgfmath@dimen=\dimen258
\pgfmath@count=\count310
\pgfmath@box=\box56
\pgfmath@toks=\toks35
\pgfmath@stack@operand=\toks36
\pgfmath@stack@operation=\toks37
)
(/usr/share/texlive/texmf-dist/tex/generic/pgf/math/pgfmathfunctions.code.tex)
(/usr/share/texlive/texmf-dist/tex/generic/pgf/math/pgfmathfunctions.basic.code
.tex)
(/usr/share/texlive/texmf-dist/tex/generic/pgf/math/pgfmathfunctions.trigonomet
ric.code.tex)
(/usr/share/texlive/texmf-dist/tex/generic/pgf/math/pgfmathfunctions.random.cod
e.tex)
(/usr/share/texlive/texmf-dist/tex/generic/pgf/math/pgfmathfunctions.comparison
.code.tex)
(/usr/share/texlive/texmf-dist/tex/generic/pgf/math/pgfmathfunctions.base.code.
tex)
(/usr/share/texlive/texmf-dist/tex/generic/pgf/math/pgfmathfunctions.round.code
.tex)
(/usr/share/texlive/texmf-dist/tex/generic/pgf/math/pgfmathfunctions.misc.code.
tex)
(/usr/share/texlive/texmf-dist/tex/generic/pgf/math/pgfmathfunctions.integerari
thmetics.code.tex)
(/usr/share/texlive/texmf-dist/tex/generic/pgf/math/pgfmathcalc.code.tex)
(/usr/share/texlive/texmf-dist/tex/generic/pgf/math/pgfmathfloat.code.tex
\c@pgfmathroundto@lastzeros=\count311
))
(/usr/share/texlive/texmf-dist/tex/generic/pgf/math/pgfint.code.tex)
(/usr/share/texlive/texmf-dist/tex/generic/pgf/basiclayer/pgfcorepoints.code.te
x
File: pgfcorepoints.code.tex 2023-01-15 v3.1.10 (3.1.10)
\pgf@picminx=\dimen259
\pgf@picmaxx=\dimen260
\pgf@picminy=\dimen261
\pgf@picmaxy=\dimen262
\pgf@pathminx=\dimen263
\pgf@pathmaxx=\dimen264
\pgf@pathminy=\dimen265
\pgf@pathmaxy=\dimen266
\pgf@xx=\dimen267
\pgf@xy=\dimen268
\pgf@yx=\dimen269
\pgf@yy=\dimen270
\pgf@zx=\dimen271
\pgf@zy=\dimen272
)
(/usr/share/texlive/texmf-dist/tex/generic/pgf/basiclayer/pgfcorepathconstruct.
code.tex
File: pgfcorepathconstruct.code.tex 2023-01-15 v3.1.10 (3.1.10)
\pgf@path@lastx=\dimen273
\pgf@path@lasty=\dimen274
)
(/usr/share/texlive/texmf-dist/tex/generic/pgf/basiclayer/pgfcorepathusage.code
.tex
File: pgfcorepathusage.code.tex 2023-01-15 v3.1.10 (3.1.10)
\pgf@shorten@end@additional=\dimen275
\pgf@shorten@start@additional=\dimen276
)
(/usr/share/texlive/texmf-dist/tex/generic/pgf/basiclayer/pgfcorescopes.code.te
x
File: pgfcorescopes.code.tex 2023-01-15 v3.1.10 (3.1.10)
\pgfpic=\box57
\pgf@hbox=\box58
\pgf@layerbox@main=\box59
\pgf@picture@serial@count=\count312
)
(/usr/share/texlive/texmf-dist/tex/generic/pgf/basiclayer/pgfcoregraphicstate.c
ode.tex
File: pgfcoregraphicstate.code.tex 2023-01-15 v3.1.10 (3.1.10)
\pgflinewidth=\dimen277
)
(/usr/share/texlive/texmf-dist/tex/generic/pgf/basiclayer/pgfcoretransformation
s.code.tex
File: pgfcoretransformations.code.tex 2023-01-15 v3.1.10 (3.1.10)
\pgf@pt@x=\dimen278
\pgf@pt@y=\dimen279
\pgf@pt@temp=\dimen280
)
(/usr/share/texlive/texmf-dist/tex/generic/pgf/basiclayer/pgfcorequick.code.tex
File: pgfcorequick.code.tex 2023-01-15 v3.1.10 (3.1.10)
)
(/usr/share/texlive/texmf-dist/tex/generic/pgf/basiclayer/pgfcoreobjects.code.t
ex
File: pgfcoreobjects.code.tex 2023-01-15 v3.1.10 (3.1.10)
)
(/usr/share/texlive/texmf-dist/tex/generic/pgf/basiclayer/pgfcorepathprocessing
.code.tex
File: pgfcorepathprocessing.code.tex 2023-01-15 v3.1.10 (3.1.10)
)
(/usr/share/texlive/texmf-dist/tex/generic/pgf/basiclayer/pgfcorearrows.code.te
x
File: pgfcorearrows.code.tex 2023-01-15 v3.1.10 (3.1.10)
\pgfarrowsep=\dimen281
)
(/usr/share/texlive/texmf-dist/tex/generic/pgf/basiclayer/pgfcoreshade.code.tex
File: pgfcoreshade.code.tex 2023-01-15 v3.1.10 (3.1.10)
\pgf@max=\dimen282
\pgf@sys@shading@range@num=\count313
\pgf@shadingcount=\count314
)
(/usr/share/texlive/texmf-dist/tex/generic/pgf/basiclayer/pgfcoreimage.code.tex
File: pgfcoreimage.code.tex 2023-01-15 v3.1.10 (3.1.10)
)
(/usr/share/texlive/texmf-dist/tex/generic/pgf/basiclayer/pgfcoreexternal.code.
tex
File: pgfcoreexternal.code.tex 2023-01-15 v3.1.10 (3.1.10)
\pgfexternal@startupbox=\box60
)
(/usr/share/texlive/texmf-dist/tex/generic/pgf/basiclayer/pgfcorelayers.code.te
x
File: pgfcorelayers.code.tex 2023-01-15 v3.1.10 (3.1.10)
)
(/usr/share/texlive/texmf-dist/tex/generic/pgf/basiclayer/pgfcoretransparency.c
ode.tex
File: pgfcoretransparency.code.tex 2023-01-15 v3.1.10 (3.1.10)
)
(/usr/share/texlive/texmf-dist/tex/generic/pgf/basiclayer/pgfcorepatterns.code.
tex
File: pgfcorepatterns.code.tex 2023-01-15 v3.1.10 (3.1.10)
)
(/usr/share/texlive/texmf-dist/tex/generic/pgf/basiclayer/pgfcorerdf.code.tex
File: pgfcorerdf.code.tex 2023-01-15 v3.1.10 (3.1.10)
)))
(/usr/share/texlive/texmf-dist/tex/generic/pgf/modules/pgfmoduleshapes.code.tex
File: pgfmoduleshapes.code.tex 2023-01-15 v3.1.10 (3.1.10)
\pgfnodeparttextbox=\box61
) (/usr/share/texlive/texmf-dist/tex/generic/pgf/modules/pgfmoduleplot.code.tex
File: pgfmoduleplot.code.tex 2023-01-15 v3.1.10 (3.1.10)
)
(/usr/share/texlive/texmf-dist/tex/latex/pgf/compatibility/pgfcomp-version-0-65
.sty
Package: pgfcomp-version-0-65 2023-01-15 v3.1.10 (3.1.10)
\pgf@nodesepstart=\dimen283
\pgf@nodesepend=\dimen284
)
(/usr/share/texlive/texmf-dist/tex/latex/pgf/compatibility/pgfcomp-version-1-18
.sty
Package: pgfcomp-version-1-18 2023-01-15 v3.1.10 (3.1.10)
)) (/usr/share/texlive/texmf-dist/tex/latex/pgf/utilities/pgffor.sty
(/usr/share/texlive/texmf-dist/tex/latex/pgf/utilities/pgfkeys.sty
(/usr/share/texlive/texmf-dist/tex/generic/pgf/utilities/pgfkeys.code.tex))
(/usr/share/texlive/texmf-dist/tex/latex/pgf/math/pgfmath.sty
(/usr/share/texlive/texmf-dist/tex/generic/pgf/math/pgfmath.code.tex))
(/usr/share/texlive/texmf-dist/tex/generic/pgf/utilities/pgffor.code.tex
Package: pgffor 2023-01-15 v3.1.10 (3.1.10)
\pgffor@iter=\dimen285
\pgffor@skip=\dimen286
\pgffor@stack=\toks38
\pgffor@toks=\toks39
))
(/usr/share/texlive/texmf-dist/tex/generic/pgf/frontendlayer/tikz/tikz.code.tex
Package: tikz 2023-01-15 v3.1.10 (3.1.10)

(/usr/share/texlive/texmf-dist/tex/generic/pgf/libraries/pgflibraryplothandlers
.code.tex
File: pgflibraryplothandlers.code.tex 2023-01-15 v3.1.10 (3.1.10)
\pgf@plot@mark@count=\count315
\pgfplotmarksize=\dimen287
)
\tikz@lastx=\dimen288
\tikz@lasty=\dimen289
\tikz@lastxsaved=\dimen290
\tikz@lastysaved=\dimen291
\tikz@lastmovetox=\dimen292
\tikz@lastmovetoy=\dimen293
\tikzleveldistance=\dimen294
\tikzsiblingdistance=\dimen295
\tikz@figbox=\box62
\tikz@figbox@bg=\box63
\tikz@tempbox=\box64
\tikz@tempbox@bg=\box65
\tikztreelevel=\count316
\tikznumberofchildren=\count317
\tikznumberofcurrentchild=\count318
\tikz@fig@count=\count319

(/usr/share/texlive/texmf-dist/tex/generic/pgf/modules/pgfmodulematrix.code.tex
File: pgfmodulematrix.code.tex 2023-01-15 v3.1.10 (3.1.10)
\pgfmatrixcurrentrow=\count320
\pgfmatrixcurrentcolumn=\count321
\pgf@matrix@numberofcolumns=\count322
)
\tikz@expandcount=\count323

(/usr/share/texlive/texmf-dist/tex/generic/pgf/frontendlayer/tikz/libraries/tik
zlibrarytopaths.code.tex
File: tikzlibrarytopaths.code.tex 2023-01-15 v3.1.10 (3.1.10)
)))
(/usr/share/texlive/texmf-dist/tex/generic/pgf/frontendlayer/tikz/libraries/tik
zlibrarypositioning.code.tex
File: tikzlibrarypositioning.code.tex 2023-01-15 v3.1.10 (3.1.10)
)
(/usr/share/texlive/texmf-dist/tex/latex/tools/calc.sty
Package: calc 2023/07/08 v4.3 Infix arithmetic (KKT,FJ)
\calc@Acount=\count324
\calc@Bcount=\count325
\calc@Adimen=\dimen296
\calc@Bdimen=\dimen297
\calc@Askip=\skip57
\calc@Bskip=\skip58
LaTeX Info: Redefining \setlength on input line 80.
LaTeX Info: Redefining \addtolength on input line 81.
\calc@Ccount=\count326
\calc@Cskip=\skip59
)
\c@@todonotes@numberoftodonotes=\count327
)
(/usr/share/texlive/texmf-dist/tex/latex/amsfonts/amssymb.sty
Package: amssymb 2013/01/14 v3.01 AMS font symbols

(/usr/share/texlive/texmf-dist/tex/latex/amsfonts/amsfonts.sty
Package: amsfonts 2013/01/14 v3.01 Basic AMSFonts support
\symAMSa=\mathgroup4
\symAMSb=\mathgroup5
LaTeX Font Info:    Redeclaring math symbol \hbar on input line 98.
LaTeX Font Info:    Overwriting math alphabet `\mathfrak' in version `bold'
(Font)                  U/euf/m/n --> U/euf/b/n on input line 106.
))
\enitdp@todolist=\count328

(/usr/share/texlive/texmf-dist/tex/latex/graphics/rotating.sty
Package: rotating 2016/08/11 v2.16d rotated objects in LaTeX
\c@r@tfl@t=\count329
\rotFPtop=\skip60
\rotFPbot=\skip61
\rot@float@box=\box66
\rot@mess@toks=\toks40
)
(/usr/share/texlive/texmf-dist/tex/latex/psnfss/charter.sty
Package: charter 2020/03/25 PSNFSS-v9.3 (P.Dyballa) 
)
(/usr/share/texlive/texmf-dist/tex/latex/emptypage/emptypage.sty
Package: emptypage 2010/05/30 v1.2 Suppress page numbers and headings on empty 
pages
)
(/usr/share/texlive/texmf-dist/tex/latex/microtype/microtype.sty
Package: microtype 2023/03/13 v3.1a Micro-typographical refinements (RS)
\MT@toks=\toks41
\MT@tempbox=\box67
\MT@count=\count330
LaTeX Info: Redefining \noprotrusionifhmode on input line 1059.
LaTeX Info: Redefining \leftprotrusion on input line 1060.
\MT@prot@toks=\toks42
LaTeX Info: Redefining \rightprotrusion on input line 1078.
LaTeX Info: Redefining \textls on input line 1368.
\MT@outer@kern=\dimen298
LaTeX Info: Redefining \textmicrotypecontext on input line 1988.
\MT@listname@count=\count331

(/usr/share/texlive/texmf-dist/tex/latex/microtype/microtype-pdftex.def
File: microtype-pdftex.def 2023/03/13 v3.1a Definitions specific to pdftex (RS)

LaTeX Info: Redefining \lsstyle on input line 902.
LaTeX Info: Redefining \lslig on input line 902.
\MT@outer@space=\skip62
)
Package microtype Info: Loading configuration file microtype.cfg.

(/usr/share/texlive/texmf-dist/tex/latex/microtype/microtype.cfg
File: microtype.cfg 2023/03/13 v3.1a microtype main configuration file (RS)
))
(/usr/share/texlive/texmf-dist/tex/latex/pdfpages/pdfpages.sty
Package: pdfpages 2024/01/21 v0.5y Insert pages of external PDF documents (AM)

(/usr/share/texlive/texmf-dist/tex/latex/eso-pic/eso-pic.sty
Package: eso-pic 2023/05/03 v3.0c eso-pic (RN)
\ESO@tempdima=\dimen299
\ESO@tempdimb=\dimen300
)
\AM@pagewidth=\dimen301
\AM@pageheight=\dimen302
\AM@fboxrule=\dimen303

(/usr/share/texlive/texmf-dist/tex/latex/pdfpages/pppdftex.def
File: pppdftex.def 2024/01/21 v0.5y Pdfpages driver for pdfTeX (AM)
)
\pdfpages@includegraphics@status=\count332
\AM@pagebox=\box68
\AM@global@opts=\toks43
\AM@pagecnt=\count333
\AM@toc@title=\toks44
\AM@lof@heading=\toks45
\c@AM@survey=\count334
\AM@templatesizebox=\box69
)
(/usr/share/texlive/texmf-dist/tex/latex/babelbib/babelbib.sty
Package: babelbib 2021/01/06 v1.34 babelbib: multilingual bibliographies
\c@btxromaniannumeral=\count335
)
LaTeX Font Info:    Trying to load font information for OT1+bch on input line 6
1.

(/usr/share/texlive/texmf-dist/tex/latex/psnfss/ot1bch.fd
File: ot1bch.fd 2004/10/18 font definitions for OT1/bch.
)
(/usr/share/texlive/texmf-dist/tex/latex/l3backend/l3backend-pdftex.def
File: l3backend-pdftex.def 2024-01-04 L3 backend support: PDF output (pdfTeX)
\l__color_backend_stack_int=\count336
\l__pdf_internal_box=\box70
)
(./ElaboracionMemoriaTFG.aux
LaTeX Info: Redefining \. on input line 11.
LaTeX Info: Redefining \% on input line 11.
 (./0.prologo.aux) (./1.introduccion_libro.aux)
(./2.recomendaciones_generales.aux) (./3.estructura_memoria.aux)
(./4.introduccion_tfg.aux) (./5.revision_estado_arte.aux)
(./6.planificacion_presupuesto.aux) (./7.conclusiones_trabajos_futuros.aux)
(./8.bibliografia_tfg.aux) (./X.anexostfg.aux)
(./9.revision_proyecto_memoria.aux) (./10.elaboracion_presentacion.aux)
(./11.defensa.aux) (./anexoI_licencias.aux) (./anexoII_tipologias.aux)
(./anexoIII_experiencias.aux))
\openout1 = `ElaboracionMemoriaTFG.aux'.

LaTeX Font Info:    Checking defaults for OML/cmm/m/it on input line 61.
LaTeX Font Info:    ... okay on input line 61.
LaTeX Font Info:    Checking defaults for OMS/cmsy/m/n on input line 61.
LaTeX Font Info:    ... okay on input line 61.
LaTeX Font Info:    Checking defaults for OT1/cmr/m/n on input line 61.
LaTeX Font Info:    ... okay on input line 61.
LaTeX Font Info:    Checking defaults for T1/cmr/m/n on input line 61.
LaTeX Font Info:    ... okay on input line 61.
LaTeX Font Info:    Checking defaults for TS1/cmr/m/n on input line 61.
LaTeX Font Info:    ... okay on input line 61.
LaTeX Font Info:    Checking defaults for OMX/cmex/m/n on input line 61.
LaTeX Font Info:    ... okay on input line 61.
LaTeX Font Info:    Checking defaults for U/cmr/m/n on input line 61.
LaTeX Font Info:    ... okay on input line 61.
LaTeX Font Info:    Checking defaults for PD1/pdf/m/n on input line 61.
LaTeX Font Info:    ... okay on input line 61.
LaTeX Font Info:    Checking defaults for PU/pdf/m/n on input line 61.
LaTeX Font Info:    ... okay on input line 61.

*geometry* driver: auto-detecting
*geometry* detected driver: pdftex
*geometry* verbose mode - [ preamble ] result:
* driver: pdftex
* paper: a4paper
* layout: <same size as paper>
* layoutoffset:(h,v)=(0.0pt,0.0pt)
* modes: twoside 
* h-part:(L,W,R)=(71.70166pt, 418.25368pt, 107.55254pt)
* v-part:(T,H,B)=(101.40665pt, 591.5302pt, 152.11pt)
* \paperwidth=597.50787pt
* \paperheight=845.04684pt
* \textwidth=418.25368pt
* \textheight=591.5302pt
* \oddsidemargin=-0.56833pt
* \evensidemargin=35.28255pt
* \topmargin=-0.93083pt
* \headheight=12.0pt
* \headsep=18.06749pt
* \topskip=10.0pt
* \footskip=25.29494pt
* \marginparwidth=125.0pt
* \marginparsep=7.0pt
* \columnsep=10.0pt
* \skip\footins=9.0pt plus 4.0pt minus 2.0pt
* \hoffset=0.0pt
* \voffset=0.0pt
* \mag=1000
* \@twocolumnfalse
* \@twosidetrue
* \@mparswitchtrue
* \@reversemarginfalse
* (1in=72.27pt=25.4mm, 1cm=28.453pt)

(/usr/share/texlive/texmf-dist/tex/context/base/mkii/supp-pdf.mkii
[Loading MPS to PDF converter (version 2006.09.02).]
\scratchcounter=\count337
\scratchdimen=\dimen304
\scratchbox=\box71
\nofMPsegments=\count338
\nofMParguments=\count339
\everyMPshowfont=\toks46
\MPscratchCnt=\count340
\MPscratchDim=\dimen305
\MPnumerator=\count341
\makeMPintoPDFobject=\count342
\everyMPtoPDFconversion=\toks47
) (/usr/share/texlive/texmf-dist/tex/latex/epstopdf-pkg/epstopdf-base.sty
Package: epstopdf-base 2020-01-24 v2.11 Base part for package epstopdf

(/usr/share/texlive/texmf-dist/tex/latex/grfext/grfext.sty
Package: grfext 2019/12/03 v1.3 Manage graphics extensions (HO)
)
Package epstopdf-base Info: Redefining graphics rule for `.eps' on input line 4
85.
Package grfext Info: Graphics extension search list:
(grfext)             [.pdf,.png,.jpg,.mps,.jpeg,.jbig2,.jb2,.PDF,.PNG,.JPG,.JPE
G,.JBIG2,.JB2,.eps]
(grfext)             \AppendGraphicsExtensions on input line 504.

(/usr/share/texlive/texmf-dist/tex/latex/latexconfig/epstopdf-sys.cfg
File: epstopdf-sys.cfg 2010/07/13 v1.3 Configuration of (r)epstopdf for TeX Liv
e
))
LaTeX Info: Redefining \. on input line 61.
LaTeX Info: Redefining \% on input line 61.
Package hyperref Info: Link coloring OFF on input line 61.

(./ElaboracionMemoriaTFG.out) (./ElaboracionMemoriaTFG.out)
\@outlinefile=\write4
\openout4 = `ElaboracionMemoriaTFG.out'.

Package caption Info: Begin \AtBeginDocument code.
Package caption Info: rotating package is loaded.
Package caption Info: End \AtBeginDocument code.
LaTeX Info: Redefining \microtypecontext on input line 61.
Package microtype Info: Applying patch `item' on input line 61.
Package microtype Info: Applying patch `toc' on input line 61.
Package microtype Info: Applying patch `eqnum' on input line 61.
Package microtype Info: Applying patch `footnote' on input line 61.
Package microtype Info: Applying patch `verbatim' on input line 61.
Package microtype Info: Generating PDF output.
Package microtype Info: Character protrusion enabled (level 2).
Package microtype Info: Using default protrusion set `alltext'.
Package microtype Info: Automatic font expansion enabled (level 2),
(microtype)             stretch: 20, shrink: 20, step: 1, non-selected.
Package microtype Info: Using default expansion set `alltext-nott'.
LaTeX Info: Redefining \showhyphens on input line 61.
Package microtype Info: No adjustment of tracking.
Package microtype Info: No adjustment of interword spacing.
Package microtype Info: No adjustment of character kerning.

(/usr/share/texlive/texmf-dist/tex/latex/microtype/mt-bch.cfg
File: mt-bch.cfg 2007/03/03 v1.5 microtype config. file: Bitstream Charter (RS)

)
(/usr/share/texlive/texmf-dist/tex/latex/pdflscape/pdflscape.sty
Package: pdflscape 2022-10-27 v0.13 Display of landscape pages in PDF

(/usr/share/texlive/texmf-dist/tex/latex/pdflscape/pdflscape-nometadata.sty
Package: pdflscape-nometadata 2022-10-28 v0.13 Display of landscape pages in PD
F (HO)

(/usr/share/texlive/texmf-dist/tex/latex/graphics/lscape.sty
Package: lscape 2020/05/28 v3.02 Landscape Pages (DPC)
)
Package pdflscape Info: Auto-detected driver: pdftex on input line 81.
))
babelbib: Set bibliography fall-back language to spanish
babelbib: spanish.bdf loaded because language spanish defined.
(/usr/share/texlive/texmf-dist/tex/latex/babelbib/spanish.bdf
File: spanish.bdf 2021/01/06 v1.34 babelbib: multilingual bibliographies

babelbib extension \btxifchangecaseoff added to \extrasspanish
)
babelbib: Load BibTeX extensions \bibsspanish for spanish
babelbib: Set language for keywords in the bibliography fixed to spanish
<images/portada.pdf, id=372, 597.73312pt x 845.40843pt>
File: images/portada.pdf Graphic file (type pdf)
<use images/portada.pdf>
Package pdftex.def Info: images/portada.pdf  used on input line 67.
(pdftex.def)             Requested size: 597.73166pt x 845.40636pt.
File: images/portada.pdf Graphic file (type pdf)
<use images/portada.pdf>
Package pdftex.def Info: images/portada.pdf  used on input line 67.
(pdftex.def)             Requested size: 597.73166pt x 845.40636pt.
<images/portada.pdf, id=375, page=1, 597.73312pt x 845.40843pt>
File: images/portada.pdf Graphic file (type pdf)
<use images/portada.pdf, page 1>
Package pdftex.def Info: images/portada.pdf , page1 used on input line 67.
(pdftex.def)             Requested size: 606.46655pt x 857.81602pt.
File: images/portada.pdf Graphic file (type pdf)
<use images/portada.pdf, page 1>
Package pdftex.def Info: images/portada.pdf , page1 used on input line 67.
(pdftex.def)             Requested size: 589.34976pt x 833.55136pt.
File: images/portada.pdf Graphic file (type pdf)
<use images/portada.pdf, page 1>
Package pdftex.def Info: images/portada.pdf , page1 used on input line 67.
(pdftex.def)             Requested size: 589.34976pt x 833.55136pt.
File: images/portada.pdf Graphic file (type pdf)
<use images/portada.pdf, page 1>
Package pdftex.def Info: images/portada.pdf , page1 used on input line 67.
(pdftex.def)             Requested size: 589.34976pt x 833.55136pt.
File: images/portada.pdf Graphic file (type pdf)
<use images/portada.pdf, page 1>
Package pdftex.def Info: images/portada.pdf , page1 used on input line 67.
(pdftex.def)             Requested size: 589.34976pt x 833.55136pt.
[1



 <./images/portada.pdf>]
LaTeX Font Info:    Trying to load font information for TS1+bch on input line 7
2.

(/usr/share/texlive/texmf-dist/tex/latex/psnfss/ts1bch.fd
File: ts1bch.fd 2004/10/18 font definitions for TS1/bch.
)
Package microtype Info: Loading generic protrusion settings for font family
(microtype)             `cmtt' (encoding: OT1).
(microtype)             For optimal results, create family-specific settings.
(microtype)             See the microtype manual for details.

(/usr/share/texlive/texmf-dist/tex/latex/microtype/mt-cmr.cfg
File: mt-cmr.cfg 2013/05/19 v2.2 microtype config. file: Computer Modern Roman 
(RS)
)
LaTeX Font Info:    Trying to load font information for U+msa on input line 72.


(/usr/share/texlive/texmf-dist/tex/latex/amsfonts/umsa.fd
File: umsa.fd 2013/01/14 v3.01 AMS symbols A
)
(/usr/share/texlive/texmf-dist/tex/latex/microtype/mt-msa.cfg
File: mt-msa.cfg 2006/02/04 v1.1 microtype config. file: AMS symbols (a) (RS)
)
LaTeX Font Info:    Trying to load font information for U+msb on input line 72.


(/usr/share/texlive/texmf-dist/tex/latex/amsfonts/umsb.fd
File: umsb.fd 2013/01/14 v3.01 AMS symbols B
)
(/usr/share/texlive/texmf-dist/tex/latex/microtype/mt-msb.cfg
File: mt-msb.cfg 2005/06/01 v1.0 microtype config. file: AMS symbols (b) (RS)
)
<images/by-nc-sa.png, id=403, 97.0827pt x 33.9669pt>
File: images/by-nc-sa.png Graphic file (type png)
<use images/by-nc-sa.png>
Package pdftex.def Info: images/by-nc-sa.png  used on input line 76.
(pdftex.def)             Requested size: 56.9055pt x 19.90968pt.
 [2{/var/lib/texmf/fonts/map/pdftex/updmap/pdftex.map}{/usr/share/texlive/texmf
-dist/fonts/enc/dvips/base/8r.enc} <./images/by-nc-sa.png>] [3

]
\openout2 = `0.prologo.aux'.

 (./0.prologo.tex [4


] [5]
[6]) [7] [8



] (./ElaboracionMemoriaTFG.toc
LaTeX Info: Redefining \. on input line 1.
LaTeX Info: Redefining \% on input line 1.
 [9]
LaTeX Info: Redefining \. on input line 83.
LaTeX Info: Redefining \% on input line 83.
 [10]
Overfull \hbox (1.17996pt too wide) detected at line 87
 []\OT1/bch/m/n/10 101
 []


Overfull \hbox (1.17996pt too wide) detected at line 88
 []\OT1/bch/m/n/10 103
 []


Overfull \hbox (1.17996pt too wide) detected at line 89
 []\OT1/bch/m/n/10 104
 []


Overfull \hbox (1.17996pt too wide) detected at line 90
 []\OT1/bch/m/n/10 105
 []


Overfull \hbox (1.17996pt too wide) detected at line 97
 []\OT1/bch/m/n/10 110
 []


Overfull \hbox (1.17996pt too wide) detected at line 98
 []\OT1/bch/m/n/10 112
 []


Overfull \hbox (1.17996pt too wide) detected at line 99
 []\OT1/bch/m/n/10 112
 []


Overfull \hbox (1.17996pt too wide) detected at line 100
 []\OT1/bch/m/n/10 113
 []


Overfull \hbox (1.17996pt too wide) detected at line 102
 []\OT1/bch/m/n/10 117
 []

)
\tf@toc=\write5
\openout5 = `ElaboracionMemoriaTFG.toc'.

LaTeX Info: Redefining \. on input line 96.
LaTeX Info: Redefining \% on input line 96.
 [11] [12

] (./ElaboracionMemoriaTFG.lot
LaTeX Info: Redefining \. on input line 1.
LaTeX Info: Redefining \% on input line 1.


LaTeX Warning: Citation `fernandez2023evaluacion' on page 13 undefined on input
 line 11.


Overfull \hbox (1.17996pt too wide) detected at line 19
 []\OT1/bch/m/n/10 108
 []


Overfull \hbox (1.17996pt too wide) detected at line 20
 []\OT1/bch/m/n/10 108
 []

)
\tf@lot=\write6
\openout6 = `ElaboracionMemoriaTFG.lot'.

 [13] [14

] (./ElaboracionMemoriaTFG.lof
LaTeX Info: Redefining \. on input line 1.
LaTeX Info: Redefining \% on input line 1.


LaTeX Warning: Citation `fernandez2023evaluacion' on page 15 undefined on input
 line 12.


Overfull \hbox (1.17996pt too wide) detected at line 18
 []\OT1/bch/m/n/10 105
 []

)
\tf@lof=\write7
\openout7 = `ElaboracionMemoriaTFG.lof'.

 [15]
\openout2 = `1.introduccion_libro.aux'.

 (./1.introduccion_libro.tex [16


]
Cap\'{\i }tulo 1.
[17]
LaTeX Info: Redefining \. on input line 26.
LaTeX Info: Redefining \% on input line 26.
 [18] [19])
LaTeX Info: Redefining \. on input line 101.
LaTeX Info: Redefining \% on input line 101.
 [20]
\openout2 = `2.recomendaciones_generales.aux'.

 (./2.recomendaciones_generales.tex
Cap\'{\i }tulo 2.
[21




]
LaTeX Info: Redefining \. on input line 30.
LaTeX Info: Redefining \% on input line 30.
 [22]
<images/DecisionTFG.pdf, id=641, 643.07948pt x 283.08762pt>
File: images/DecisionTFG.pdf Graphic file (type pdf)
<use images/DecisionTFG.pdf>
Package pdftex.def Info: images/DecisionTFG.pdf  used on input line 46.
(pdftex.def)             Requested size: 321.53896pt x 141.54346pt.
LaTeX Info: Redefining \. on input line 60.
LaTeX Info: Redefining \% on input line 60.
 [23]
LaTeX Info: Redefining \. on input line 74.
LaTeX Info: Redefining \% on input line 74.
 [24 <./images/DecisionTFG.pdf>]
LaTeX Info: Redefining \. on input line 97.
LaTeX Info: Redefining \% on input line 97.
 [25]
LaTeX Info: Redefining \. on input line 113.
LaTeX Info: Redefining \% on input line 113.
 [26]

LaTeX Warning: Citation `EticaCantabria' on page 27 undefined on input line 129
.

LaTeX Info: Redefining \. on input line 130.
LaTeX Info: Redefining \% on input line 130.
[27]

LaTeX Warning: Citation `EticaUGR' on page 28 undefined on input line 135.


LaTeX Warning: Citation `bynum2000' on page 28 undefined on input line 144.

LaTeX Info: Redefining \. on input line 147.
LaTeX Info: Redefining \% on input line 147.
[28]

LaTeX Warning: Citation `EticaUCM' on page 29 undefined on input line 164.

LaTeX Info: Redefining \. on input line 196.
LaTeX Info: Redefining \% on input line 196.
[29]

LaTeX Warning: Citation `doran1981there' on page 30 undefined on input line 204
.

LaTeX Info: Redefining \. on input line 212.
LaTeX Info: Redefining \% on input line 212.
[30]
LaTeX Info: Redefining \. on input line 244.
LaTeX Info: Redefining \% on input line 244.
 [31]
LaTeX Info: Redefining \. on input line 291.
LaTeX Info: Redefining \% on input line 291.
 [32]
LaTeX Info: Redefining \. on input line 316.
LaTeX Info: Redefining \% on input line 316.
 [33]
LaTeX Info: Redefining \. on input line 334.
LaTeX Info: Redefining \% on input line 334.
 [34]
Underfull \hbox (badness 10000) in paragraph at lines 349--349
[][][][]$\OT1/cmtt/m/n/8 https : / / grados . ugr . es / informatica / pages / 
infoacademica / tfg / evaluacion / rubrica _ informe _ tutores _
 []


Underfull \hbox (badness 10000) in paragraph at lines 349--349
[][][][]$\OT1/cmtt/m/n/8 https : / / grados . ugr . es / informatica / pages / 
infoacademica / tfg / evaluacion / rubrica _ comision _
 []


LaTeX Warning: No positions in optional float specifier.
               Default added (so using `tbp') on input line 353.


Underfull \hbox (badness 1845) in paragraph at lines 382--382
[]\OT1/bch/m/n/10 (+20) B[]usque-da y tra-ta-
 []


Underfull \hbox (badness 10000) in paragraph at lines 382--382
[]\OT1/bch/m/n/10 (+20) Correcci[]on en or-to-graf[]^^Pa y
 []


Underfull \hbox (badness 1762) in paragraph at lines 382--382
\OT1/bch/m/n/10 (+20) gram[]ati-ca, vo-ca-bu-la-rio, ex-pre-
 []


Overfull \hbox (34.45927pt too wide) in paragraph at lines 358--383
 [][] 
 []


LaTeX Warning: Citation `ugrIA' on page 35 undefined on input line 395.

LaTeX Info: Redefining \. on input line 400.
LaTeX Info: Redefining \% on input line 400.
[35]
LaTeX Info: Redefining \. on input line 400.
LaTeX Info: Redefining \% on input line 400.
 [36]
LaTeX Info: Redefining \. on input line 453.
LaTeX Info: Redefining \% on input line 453.
 [37])
LaTeX Info: Redefining \. on input line 102.
LaTeX Info: Redefining \% on input line 102.
 [38]
\openout2 = `3.estructura_memoria.aux'.

 (./3.estructura_memoria.tex
Cap\'{\i }tulo 3.
[39




]
LaTeX Info: Redefining \. on input line 68.
LaTeX Info: Redefining \% on input line 68.
 [40]
LaTeX Info: Redefining \. on input line 106.
LaTeX Info: Redefining \% on input line 106.
 [41])
LaTeX Info: Redefining \. on input line 103.
LaTeX Info: Redefining \% on input line 103.
 [42]
\openout2 = `4.introduccion_tfg.aux'.

 (./4.introduccion_tfg.tex
Cap\'{\i }tulo 4.
[43




]
Underfull \vbox (badness 10000) has occurred while \output is active []

LaTeX Info: Redefining \. on input line 35.
LaTeX Info: Redefining \% on input line 35.
 [44]
LaTeX Font Info:    Trying to load font information for OML+bch on input line 4
0.

(/usr/share/texlive/texmf-dist/tex/latex/psnfss/omlbch.fd
File: omlbch.fd 
)
LaTeX Font Info:    Font shape `OML/bch/m/n' in size <10> not available
(Font)              Font shape `OML/cmm/m/it' tried instead on input line 40.
LaTeX Info: Redefining \. on input line 48.
LaTeX Info: Redefining \% on input line 48.
 [45]
Underfull \hbox (badness 10000) in paragraph at lines 60--60
[][][][]$\OT1/cmtt/m/n/8 https : / / www . juntadeandalucia . es / organismos /
 saludyconsumo / areas / planificacion /
 []

LaTeX Info: Redefining \. on input line 67.
LaTeX Info: Redefining \% on input line 67.
[46]
LaTeX Info: Redefining \. on input line 88.
LaTeX Info: Redefining \% on input line 88.
 [47]
LaTeX Info: Redefining \. on input line 107.
LaTeX Info: Redefining \% on input line 107.
 [48]

LaTeX Warning: Citation `doran1981there' on page 49 undefined on input line 110
.

LaTeX Font Info:    Font shape `OML/bch/m/it' in size <10> not available
(Font)              Font shape `OML/cmm/m/it' tried instead on input line 123.
LaTeX Info: Redefining \. on input line 124.
LaTeX Info: Redefining \% on input line 124.
[49]
Overfull \hbox (12.43008pt too wide) in paragraph at lines 128--129
[]\OT1/bch/m/it/10 (-20) El cap[]^^Ptu-lo 4 con-tie-ne la es-pe-ci-fi-ca-ci[]on
 y ar-qui-tec-tu-ra de los prin-ci-pa-les m[]odu-los/interfaces/servicios
 []

)
LaTeX Info: Redefining \. on input line 104.
LaTeX Info: Redefining \% on input line 104.
 [50]
\openout2 = `5.revision_estado_arte.aux'.

 (./5.revision_estado_arte.tex
Cap\'{\i }tulo 5.
[51




]
LaTeX Info: Redefining \. on input line 35.
LaTeX Info: Redefining \% on input line 35.
 [52]
LaTeX Info: Redefining \. on input line 62.
LaTeX Info: Redefining \% on input line 62.
 [53]
LaTeX Info: Redefining \. on input line 83.
LaTeX Info: Redefining \% on input line 83.
 [54]
LaTeX Info: Redefining \. on input line 99.
LaTeX Info: Redefining \% on input line 99.
 [55]
LaTeX Info: Redefining \. on input line 123.
LaTeX Info: Redefining \% on input line 123.
 [56]
LaTeX Info: Redefining \. on input line 146.
LaTeX Info: Redefining \% on input line 146.
 [57]
LaTeX Info: Redefining \. on input line 170.
LaTeX Info: Redefining \% on input line 170.
 [58])
LaTeX Info: Redefining \. on input line 105.
LaTeX Info: Redefining \% on input line 105.
 [59]
\openout2 = `6.planificacion_presupuesto.aux'.


(./6.planificacion_presupuesto.tex [60




]
Cap\'{\i }tulo 6.
<images/EjemploGantt.pdf, id=964, 845.04686pt x 597.50786pt>
File: images/EjemploGantt.pdf Graphic file (type pdf)
<use images/EjemploGantt.pdf>
Package pdftex.def Info: images/EjemploGantt.pdf  used on input line 17.
(pdftex.def)             Requested size: 418.25368pt x 154.90901pt.
[61]
Underfull \vbox (badness 4341) has occurred while \output is active []

LaTeX Info: Redefining \. on input line 33.
LaTeX Info: Redefining \% on input line 33.
 [62 <./images/EjemploGantt.pdf, page is rotated 90 degrees>]
LaTeX Info: Redefining \. on input line 63.
LaTeX Info: Redefining \% on input line 63.
 [63]

LaTeX Warning: Citation `guerin2018gestion' on page 64 undefined on input line 
66.

LaTeX Info: Redefining \. on input line 86.
LaTeX Info: Redefining \% on input line 86.
[64]
LaTeX Info: Redefining \. on input line 114.
LaTeX Info: Redefining \% on input line 114.
 [65])
LaTeX Info: Redefining \. on input line 106.
LaTeX Info: Redefining \% on input line 106.
 [66]
\openout2 = `7.conclusiones_trabajos_futuros.aux'.

 (./7.conclusiones_trabajos_futuros.tex
Cap\'{\i }tulo 7.
[67




]
LaTeX Info: Redefining \. on input line 36.
LaTeX Info: Redefining \% on input line 36.
 [68])
LaTeX Info: Redefining \. on input line 107.
LaTeX Info: Redefining \% on input line 107.
 [69]
\openout2 = `8.bibliografia_tfg.aux'.

 (./8.bibliografia_tfg.tex [70




]
Cap\'{\i }tulo 8.
[71]

LaTeX Warning: Citation `fernandez2023evaluacion' on page 72 undefined on input
 line 46.


LaTeX Warning: Citation `fernandez2023evaluacion' on page 72 undefined on input
 line 54.


LaTeX Warning: Citation `fernandez2023evaluacion' on page 72 undefined on input
 line 64.


LaTeX Warning: Citation `fernandez2023evaluacion' on page 72 undefined on input
 line 74.


LaTeX Warning: Citation `fernandez2023evaluacion' on page 72 undefined on input
 line 74.


Package varwidth Warning: Failed to reprocess entire contents on input line 89.



Package varwidth Warning: Failed to reprocess entire contents on input line 89.


<images/Mapa_prov.png, id=1042, 505.6491pt x 505.6491pt>
File: images/Mapa_prov.png Graphic file (type png)
<use images/Mapa_prov.png>
Package pdftex.def Info: images/Mapa_prov.png  used on input line 92.
(pdftex.def)             Requested size: 181.6922pt x 110.56049pt.

LaTeX Warning: Citation `fernandez2023evaluacion' on page 72 undefined on input
 line 93.


LaTeX Warning: Citation `fernandez2023evaluacion' on page 72 undefined on input
 line 93.

LaTeX Info: Redefining \. on input line 99.
LaTeX Info: Redefining \% on input line 99.
[72]

LaTeX Warning: Citation `INE' on page 73 undefined on input line 120.


LaTeX Warning: Citation `bezanson2017julia' on page 73 undefined on input line 
202.

LaTeX Info: Redefining \. on input line 215.
LaTeX Info: Redefining \% on input line 215.
[73 <./images/Mapa_prov.png>]
<images/apa.pdf, id=1065, 614.295pt x 794.97pt>
File: images/apa.pdf Graphic file (type pdf)
<use images/apa.pdf>
Package pdftex.def Info: images/apa.pdf  used on input line 221.
(pdftex.def)             Requested size: 283.22093pt x 84.33463pt.

Underfull \vbox (badness 10000) has occurred while \output is active []

LaTeX Info: Redefining \. on input line 222.
LaTeX Info: Redefining \% on input line 222.
 [74]
<images/mla.pdf, id=1071, 614.295pt x 794.97pt>
File: images/mla.pdf Graphic file (type pdf)
<use images/mla.pdf>
Package pdftex.def Info: images/mla.pdf  used on input line 225.
(pdftex.def)             Requested size: 283.22093pt x 84.33463pt.
<images/chicagoA.pdf, id=1073, 614.295pt x 794.97pt>
File: images/chicagoA.pdf Graphic file (type pdf)
<use images/chicagoA.pdf>
Package pdftex.def Info: images/chicagoA.pdf  used on input line 229.
(pdftex.def)             Requested size: 283.22093pt x 84.33463pt.
<images/harvard.pdf, id=1075, 614.295pt x 794.97pt>
File: images/harvard.pdf Graphic file (type pdf)
<use images/harvard.pdf>
Package pdftex.def Info: images/harvard.pdf  used on input line 233.
(pdftex.def)             Requested size: 283.22093pt x 84.33463pt.
<images/ieee.pdf, id=1077, 614.295pt x 794.97pt>
File: images/ieee.pdf Graphic file (type pdf)
<use images/ieee.pdf>
Package pdftex.def Info: images/ieee.pdf  used on input line 237.
(pdftex.def)             Requested size: 283.22093pt x 101.40642pt.
LaTeX Info: Redefining \. on input line 238.
LaTeX Info: Redefining \% on input line 238.

[75 <./images/apa.pdf> <./images/mla.pdf> <./images/chicagoA.pdf> <./images/har
vard.pdf>]
Package textcomp Info: Symbol \textasciiacute not provided by
(textcomp)             font family bch in TS1 encoding.
(textcomp)             Default family used instead on input line 251.
Package textcomp Info: Symbol \textasciiacute not provided by
(textcomp)             font family bch in TS1 encoding.
(textcomp)             Default family used instead on input line 251.
LaTeX Info: Redefining \. on input line 259.
LaTeX Info: Redefining \% on input line 259.
 [76{/usr/share/texmf/fonts/enc/dvips/cm-super/cm-super-ts1.enc} <./images/ieee
.pdf>])
LaTeX Info: Redefining \. on input line 108.
LaTeX Info: Redefining \% on input line 108.
 [77]
\openout2 = `X.anexostfg.aux'.


No file X.anexostfg.tex.
\openout2 = `9.revision_proyecto_memoria.aux'.

(./9.revision_proyecto_memoria.tex [78







]
Cap\'{\i }tulo 9.
[79]
Overfull \hbox (5.97182pt too wide) in paragraph at lines 53--54
[]\OT1/bch/m/n/10 (-20) Todas las fi-gu-ras y ta-blas de-ben es-tar nu-me-ra-da
s se-cuen-cial-men-te y re-fe-ren-cia-das/citadas
 []

)
LaTeX Info: Redefining \. on input line 110.
LaTeX Info: Redefining \% on input line 110.
 [80] [81]
\openout2 = `10.elaboracion_presentacion.aux'.

 (./10.elaboracion_presentacion.tex [82




]
Cap\'{\i }tulo 10.
[83]
LaTeX Info: Redefining \. on input line 58.
LaTeX Info: Redefining \% on input line 58.
 [84]
LaTeX Info: Redefining \. on input line 83.
LaTeX Info: Redefining \% on input line 83.
 [85])
LaTeX Info: Redefining \. on input line 111.
LaTeX Info: Redefining \% on input line 111.
 [86]
\openout2 = `11.defensa.aux'.

 (./11.defensa.tex
Cap\'{\i }tulo 11.
[87




]
LaTeX Info: Redefining \. on input line 36.
LaTeX Info: Redefining \% on input line 36.
 [88]
LaTeX Info: Redefining \. on input line 66.
LaTeX Info: Redefining \% on input line 66.
 [89]
LaTeX Info: Redefining \. on input line 85.
LaTeX Info: Redefining \% on input line 85.
 [90]

LaTeX Warning: Citation `vallejo2009defensa' on page 91 undefined on input line
 99.

LaTeX Info: Redefining \. on input line 110.
LaTeX Info: Redefining \% on input line 110.
[91])
LaTeX Info: Redefining \. on input line 112.
LaTeX Info: Redefining \% on input line 112.
 [92]
LaTeX Info: Redefining \. on input line 112.
LaTeX Info: Redefining \% on input line 112.
 [93]
No file ElaboracionMemoriaTFG.bbl.
\openout2 = `anexoI_licencias.aux'.

(./anexoI_licencias.tex [94




]
Ap\'{e}ndice A.
[95]
Overfull \hbox (50.15282pt too wide) in paragraph at lines 42--42
[][][][]$\OT1/cmtt/m/n/8 https : / / www . ugr . es / universidad / normativa /
 ncg1872-[]reglamento-[]trabajo-[]proyecto-[]fin-[]grado-[]universidad-[]granad
a$[]| 
 []

LaTeX Info: Redefining \. on input line 78.
LaTeX Info: Redefining \% on input line 78.
[96]
LaTeX Info: Redefining \. on input line 100.
LaTeX Info: Redefining \% on input line 100.
 [97]

LaTeX Warning: Citation `derechosautorIA' on page 98 undefined on input line 14
5.

LaTeX Info: Redefining \. on input line 159.
LaTeX Info: Redefining \% on input line 159.
[98]

LaTeX Warning: Citation `FSFfaq' on page 99 undefined on input line 165.

LaTeX Info: Redefining \. on input line 179.
LaTeX Info: Redefining \% on input line 179.
[99]
LaTeX Info: Redefining \. on input line 204.
LaTeX Info: Redefining \% on input line 204.
 [100]
Underfull \hbox (badness 10000) in paragraph at lines 211--211
[][][][]$\OT1/cmtt/m/n/8 https : / / joinup . ec . europa . eu / collection / e
upl / solution / joinup-[]licensing-[]assistant /
 []


Underfull \hbox (badness 10000) in paragraph at lines 213--213
[][][][]$\OT1/cmtt/m/n/8 https : / / www . juntadeandalucia . es / organismos /
 turismoculturaydeporte / servicios / procedimientos /
 []

)
LaTeX Info: Redefining \. on input line 119.
LaTeX Info: Redefining \% on input line 119.
 [101]
\openout2 = `anexoII_tipologias.aux'.

 (./anexoII_tipologias.tex [102




]
Ap\'{e}ndice B.
(./TFG_desarrollo.tex

LaTeX Warning: Citation `sommerville2005ingenieria' on page 103 undefined on in
put line 7.


LaTeX Warning: Citation `larman2004agile' on page 103 undefined on input line 1
0.


LaTeX Warning: Citation `beck2022test' on page 103 undefined on input line 12.


LaTeX Warning: Citation `freeman2019devops' on page 103 undefined on input line
 16.


LaTeX Warning: Citation `garcia2019desarrollo' on page 103 undefined on input l
ine 16.

[103]

LaTeX Warning: Citation `TFGs2024JJ' on page 104 undefined on input line 32.

LaTeX Info: Redefining \. on input line 35.
LaTeX Info: Redefining \% on input line 35.
[104]) (./TFX_investigacion.tex

LaTeX Warning: Citation `Zwart2022' on page 105 undefined on input line 8.


LaTeX Warning: Citation `Chalmers2013' on page 105 undefined on input line 18.

LaTeX Info: Redefining \. on input line 30.
LaTeX Info: Redefining \% on input line 30.
[105]

LaTeX Warning: Citation `NationalAcademies2019' on page 106 undefined on input 
line 33.


(/usr/share/texlive/texmf-dist/tex/generic/pgf/frontendlayer/tikz/libraries/tik
zlibraryshapes.geometric.code.tex
File: tikzlibraryshapes.geometric.code.tex 2023-01-15 v3.1.10 (3.1.10)

(/usr/share/texlive/texmf-dist/tex/generic/pgf/libraries/shapes/pgflibraryshape
s.geometric.code.tex
File: pgflibraryshapes.geometric.code.tex 2023-01-15 v3.1.10 (3.1.10)
))
LaTeX Info: Redefining \. on input line 84.
LaTeX Info: Redefining \% on input line 84.
 [106]
LaTeX Info: Redefining \. on input line 116.
LaTeX Info: Redefining \% on input line 116.
 [107]
LaTeX Info: Redefining \. on input line 131.
LaTeX Info: Redefining \% on input line 131.
 [108]
LaTeX Info: Redefining \. on input line 155.
LaTeX Info: Redefining \% on input line 155.
 [109]
LaTeX Info: Redefining \. on input line 203.
LaTeX Info: Redefining \% on input line 203.
 [110]

LaTeX Warning: Citation `esetal2024Ragas' on page 111 undefined on input line 2
09.


Underfull \vbox (badness 1231) has occurred while \output is active []

LaTeX Info: Redefining \. on input line 217.
LaTeX Info: Redefining \% on input line 217.
 [111]
LaTeX Info: Redefining \. on input line 261.
LaTeX Info: Redefining \% on input line 261.

[112]
LaTeX Info: Redefining \. on input line 273.
LaTeX Info: Redefining \% on input line 273.
 [113]) (./TFG_revision.tex

LaTeX Warning: Citation `codina2024lluis' on page 114 undefined on input line 1
2.


LaTeX Warning: Citation `grant2009maria' on page 114 undefined on input line 14
.

LaTeX Info: Redefining \. on input line 25.
LaTeX Info: Redefining \% on input line 25.
[114]

LaTeX Warning: Citation `codina2018lluis' on page 115 undefined on input line 4
5.


LaTeX Warning: Citation `booth2021a' on page 115 undefined on input line 47.

LaTeX Info: Redefining \. on input line 52.
LaTeX Info: Redefining \% on input line 52.
[115]
LaTeX Info: Redefining \. on input line 76.
LaTeX Info: Redefining \% on input line 76.
 [116]

LaTeX Warning: Citation `carrera2022angela' on page 117 undefined on input line
 81.


LaTeX Warning: Citation `kofod2022anders' on page 117 undefined on input line 8
1.


LaTeX Warning: Citation `silva2016rodrigo' on page 117 undefined on input line 
81.

))
LaTeX Info: Redefining \. on input line 120.
LaTeX Info: Redefining \% on input line 120.
 [117]
\openout2 = `anexoIII_experiencias.aux'.

 (./anexoIII_experiencias.tex [118




]
Ap\'{e}ndice C.
) [119] [120



]
Underfull \hbox (badness 10000) in paragraph at lines 133--135

 []


Underfull \hbox (badness 10000) in paragraph at lines 133--135

 []


Underfull \hbox (badness 10000) in paragraph at lines 136--163

 []

<images/qr-youtube.png, id=1515, 246.9225pt x 246.9225pt>
File: images/qr-youtube.png Graphic file (type png)
<use images/qr-youtube.png>
Package pdftex.def Info: images/qr-youtube.png  used on input line 173.
(pdftex.def)             Requested size: 152.45035pt x 152.44983pt.
<images/qr-github.png, id=1516, 271.0125pt x 271.0125pt>
File: images/qr-github.png Graphic file (type png)
<use images/qr-github.png>
Package pdftex.def Info: images/qr-github.png  used on input line 179.
(pdftex.def)             Requested size: 152.45035pt x 152.45654pt.

pdfTeX warning (ext4): destination with the same identifier (name{page.1}) has 
been already used, duplicate ignored
<to be read again> 
                   \relax 
l.184 \end{titlepage}
                      [1


 <./images/qr-youtube.png> <./images/qr-github.png>]
<images/contraportada.pdf, id=1523, 597.50786pt x 845.04686pt>
File: images/contraportada.pdf Graphic file (type pdf)
<use images/contraportada.pdf>
Package pdftex.def Info: images/contraportada.pdf  used on input line 189.
(pdftex.def)             Requested size: 597.5064pt x 845.0448pt.
File: images/contraportada.pdf Graphic file (type pdf)
<use images/contraportada.pdf>
Package pdftex.def Info: images/contraportada.pdf  used on input line 189.
(pdftex.def)             Requested size: 597.5064pt x 845.0448pt.
<images/contraportada.pdf, id=1526, page=1, 597.50786pt x 845.04686pt>
File: images/contraportada.pdf Graphic file (type pdf)
<use images/contraportada.pdf, page 1>
Package pdftex.def Info: images/contraportada.pdf , page1 used on input line 18
9.
(pdftex.def)             Requested size: 606.46655pt x 857.71996pt.
File: images/contraportada.pdf Graphic file (type pdf)
<use images/contraportada.pdf, page 1>
Package pdftex.def Info: images/contraportada.pdf , page1 used on input line 18
9.
(pdftex.def)             Requested size: 589.12766pt x 833.19487pt.
File: images/contraportada.pdf Graphic file (type pdf)
<use images/contraportada.pdf, page 1>
Package pdftex.def Info: images/contraportada.pdf , page1 used on input line 18
9.
(pdftex.def)             Requested size: 589.12766pt x 833.19487pt.
File: images/contraportada.pdf Graphic file (type pdf)
<use images/contraportada.pdf, page 1>
Package pdftex.def Info: images/contraportada.pdf , page1 used on input line 18
9.
(pdftex.def)             Requested size: 589.12766pt x 833.19487pt.

pdfTeX warning (ext4): destination with the same identifier (name{page.2}) has 
been already used, duplicate ignored
<to be read again> 
                   \relax 
l.189 ...1.45\textwidth]{images/contraportada.pdf}
                                                  
File: images/contraportada.pdf Graphic file (type pdf)
<use images/contraportada.pdf, page 1>
Package pdftex.def Info: images/contraportada.pdf , page1 used on input line 18
9.
(pdftex.def)             Requested size: 589.12766pt x 833.19487pt.
 [2

 <./images/contraportada.pdf>] (./ElaboracionMemoriaTFG.aux
LaTeX Info: Redefining \. on input line 11.
LaTeX Info: Redefining \% on input line 11.
 (./0.prologo.aux) (./1.introduccion_libro.aux) (./2.recomendaciones_generales.
aux) (./3.estructura_memoria.aux)
(./4.introduccion_tfg.aux) (./5.revision_estado_arte.aux)
(./6.planificacion_presupuesto.aux) (./7.conclusiones_trabajos_futuros.aux)
(./8.bibliografia_tfg.aux) (./X.anexostfg.aux)
(./9.revision_proyecto_memoria.aux) (./10.elaboracion_presentacion.aux)
(./11.defensa.aux) (./anexoI_licencias.aux) (./anexoII_tipologias.aux)
(./anexoIII_experiencias.aux))
 ***********
LaTeX2e <2023-11-01> patch level 1
L3 programming layer <2024-01-22>
 ***********


LaTeX Warning: There were undefined references.


LaTeX Warning: Label(s) may have changed. Rerun to get cross-references right.

Package rerunfilecheck Info: File `ElaboracionMemoriaTFG.out' has not changed.
(rerunfilecheck)             Checksum: 0AB31B5486523BB2FE4BB56CD918D0D1;18418.
 ) 
Here is how much of TeX's memory you used:
 29841 strings out of 474222
 550395 string characters out of 5748733
 1948975 words of memory out of 5000000
 50682 multiletter control sequences out of 15000+600000
 629018 words of font info for 373 fonts, out of 8000000 for 9000
 1141 hyphenation exceptions out of 8191
 99i,18n,101p,2348b,958s stack positions out of 10000i,1000n,20000p,200000b,200000s
</usr/share/texlive/texmf-dist/fonts/type1/bitstrea/charter/bchb8a.pfb></usr/
share/texlive/texmf-dist/fonts/type1/bitstrea/charter/bchbi8a.pfb></usr/share/t
exlive/texmf-dist/fonts/type1/bitstrea/charter/bchr8a.pfb></usr/share/texlive/t
exmf-dist/fonts/type1/bitstrea/charter/bchr8a.pfb></usr/share/texlive/texmf-dis
t/fonts/type1/bitstrea/charter/bchri8a.pfb></usr/share/texlive/texmf-dist/fonts
/type1/public/amsfonts/cm/cmbx10.pfb></usr/share/texlive/texmf-dist/fonts/type1
/public/amsfonts/cm/cmcsc10.pfb></usr/share/texlive/texmf-dist/fonts/type1/publ
ic/amsfonts/cm/cmitt10.pfb></usr/share/texlive/texmf-dist/fonts/type1/public/am
sfonts/cm/cmmi10.pfb></usr/share/texlive/texmf-dist/fonts/type1/public/amsfonts
/cm/cmr10.pfb></usr/share/texlive/texmf-dist/fonts/type1/public/amsfonts/cm/cmr
7.pfb></usr/share/texlive/texmf-dist/fonts/type1/public/amsfonts/cm/cmr8.pfb></
usr/share/texlive/texmf-dist/fonts/type1/public/amsfonts/cm/cmr9.pfb></usr/shar
e/texlive/texmf-dist/fonts/type1/public/amsfonts/cm/cmsy10.pfb></usr/share/texl
ive/texmf-dist/fonts/type1/public/amsfonts/cm/cmti10.pfb></usr/share/texlive/te
xmf-dist/fonts/type1/public/amsfonts/cm/cmti9.pfb></usr/share/texlive/texmf-dis
t/fonts/type1/public/amsfonts/cm/cmtt10.pfb></usr/share/texlive/texmf-dist/font
s/type1/public/amsfonts/cm/cmtt8.pfb></usr/share/texlive/texmf-dist/fonts/type1
/public/amsfonts/symbols/msam10.pfb></usr/share/texmf/fonts/type1/public/cm-sup
er/sfrm1000.pfb>
Output written on ElaboracionMemoriaTFG.pdf (122 pages, 2399571 bytes).
PDF statistics:
 1680 PDF objects out of 1728 (max. 8388607)
 1456 compressed objects within 15 object streams
 349 named destinations out of 1000 (max. 500000)
 79214 words of extra memory for PDF output out of 89155 (max. 10000000)

